2023-05-03 15:22:49,669 [Worker-2: Loading available Gradle versions] INFO  o.e.b.c.i.u.g.PublishedGradleVersions - Gradle version information cache is up-to-date. Trying to read.
2023-05-03 15:36:36,010 [Worker-2: Import Getting Started Content] INFO  o.e.m.c.i.l.LifecycleMappingFactory - Using org.eclipse.m2e.jdt.JarLifecycleMapping lifecycle mapping for MavenProject: com.masai:SpringSecurityApp1:0.0.1-SNAPSHOT @ C:\Users\Acer\Desktop\SpringSecurityandjwttoken\SpringSecurityApp1\pom.xml.
2023-05-03 15:36:45,993 [Worker-2: Import Getting Started Content] INFO  o.e.m.j.i.AbstractJavaProjectConfigurator - Adding source folder /SpringSecurityApp1/src/main/java
2023-05-03 15:36:45,995 [Worker-2: Import Getting Started Content] INFO  o.e.m.j.i.AbstractJavaProjectConfigurator - Adding resource folder /SpringSecurityApp1/src/main/resources
2023-05-03 15:36:46,024 [Worker-2: Import Getting Started Content] INFO  o.e.m.j.i.AbstractJavaProjectConfigurator - Adding resource folder /SpringSecurityApp1/src/main/resources
2023-05-03 15:36:46,052 [Worker-2: Import Getting Started Content] INFO  o.e.m.j.i.AbstractJavaProjectConfigurator - Adding source folder /SpringSecurityApp1/src/test/java
2023-05-03 15:36:55,399 [Worker-2: Import Getting Started Content] INFO  o.e.m.c.i.p.ProjectConfigurationManager - Imported and configured 1 project(s) in 28 sec
2023-05-03 15:36:55,411 [Worker-2: Import Getting Started Content] INFO  o.e.m.c.i.p.ProjectConfigurationManager - Update started
2023-05-03 15:36:57,017 [Worker-2: Import Getting Started Content] INFO  o.e.m.c.i.l.LifecycleMappingFactory - Using org.eclipse.m2e.jdt.JarLifecycleMapping lifecycle mapping for MavenProject: com.masai:SpringSecurityApp1:0.0.1-SNAPSHOT @ C:\Users\Acer\Desktop\SpringSecurityandjwttoken\SpringSecurityApp1\pom.xml.
2023-05-03 15:36:58,746 [Worker-2: Import Getting Started Content] INFO  o.e.m.j.i.AbstractJavaProjectConfigurator - Adding source folder /SpringSecurityApp1/src/main/java
2023-05-03 15:36:58,748 [Worker-2: Import Getting Started Content] INFO  o.e.m.j.i.AbstractJavaProjectConfigurator - Adding resource folder /SpringSecurityApp1/src/main/resources
2023-05-03 15:36:58,750 [Worker-2: Import Getting Started Content] INFO  o.e.m.j.i.AbstractJavaProjectConfigurator - Adding resource folder /SpringSecurityApp1/src/main/resources
2023-05-03 15:36:58,754 [Worker-2: Import Getting Started Content] INFO  o.e.m.j.i.AbstractJavaProjectConfigurator - Adding source folder /SpringSecurityApp1/src/test/java
2023-05-03 15:37:00,257 [Worker-2: Import Getting Started Content] INFO  o.e.m.c.i.p.ProjectConfigurationManager - Update completed: 4 sec
2023-05-03 15:37:02,155 [Worker-13: Building] INFO  o.a.m.s.f.DefaultMavenResourcesFiltering - Copying 1 resource from src\main\resources to target\classes
2023-05-03 15:37:02,221 [Worker-13: Building] INFO  o.a.m.s.f.DefaultMavenResourcesFiltering - Copying 0 resource from src\main\resources to target\classes
2023-05-03 15:37:02,239 [Worker-13: Building] INFO  o.a.m.s.f.DefaultMavenResourcesFiltering - skip non existing resourceDirectory C:\Users\Acer\Desktop\SpringSecurityandjwttoken\SpringSecurityApp1\src\test\resources
2023-05-03 16:05:21,935 [Worker-16: Building] INFO  o.a.m.s.f.DefaultMavenResourcesFiltering - Copying 1 resource from src\main\resources to target\classes
2023-05-03 16:05:21,969 [Worker-16: Building] INFO  o.a.m.s.f.DefaultMavenResourcesFiltering - Copying 0 resource from src\main\resources to target\classes
2023-05-03 16:05:21,978 [Worker-16: Building] INFO  o.a.m.s.f.DefaultMavenResourcesFiltering - skip non existing resourceDirectory C:\Users\Acer\Desktop\SpringSecurityandjwttoken\SpringSecurityApp1\src\test\resources
2023-05-03 16:05:40,593 [Worker-19: Building] INFO  o.a.m.s.f.DefaultMavenResourcesFiltering - Copying 1 resource from src\main\resources to target\classes
2023-05-03 16:05:40,617 [Worker-19: Building] INFO  o.a.m.s.f.DefaultMavenResourcesFiltering - Copying 0 resource from src\main\resources to target\classes
2023-05-03 16:05:40,628 [Worker-19: Building] INFO  o.a.m.s.f.DefaultMavenResourcesFiltering - skip non existing resourceDirectory C:\Users\Acer\Desktop\SpringSecurityandjwttoken\SpringSecurityApp1\src\test\resources
2023-05-03 16:06:10,673 [Worker-20: Building] INFO  o.a.m.s.f.DefaultMavenResourcesFiltering - Copying 1 resource from src\main\resources to target\classes
2023-05-03 16:06:10,703 [Worker-20: Building] INFO  o.a.m.s.f.DefaultMavenResourcesFiltering - Copying 0 resource from src\main\resources to target\classes
2023-05-03 16:06:10,739 [Worker-20: Building] INFO  o.a.m.s.f.DefaultMavenResourcesFiltering - skip non existing resourceDirectory C:\Users\Acer\Desktop\SpringSecurityandjwttoken\SpringSecurityApp1\src\test\resources
2023-05-03 16:07:53,882 [Worker-17: Building] INFO  o.a.m.s.f.DefaultMavenResourcesFiltering - Copying 1 resource from src\main\resources to target\classes
2023-05-03 16:07:53,914 [Worker-17: Building] INFO  o.a.m.s.f.DefaultMavenResourcesFiltering - Copying 0 resource from src\main\resources to target\classes
2023-05-03 16:07:53,922 [Worker-17: Building] INFO  o.a.m.s.f.DefaultMavenResourcesFiltering - skip non existing resourceDirectory C:\Users\Acer\Desktop\SpringSecurityandjwttoken\SpringSecurityApp1\src\test\resources
2023-05-03 17:38:14,740 [Worker-26: Building] INFO  o.a.m.s.f.DefaultMavenResourcesFiltering - Copying 1 resource from src\main\resources to target\classes
2023-05-03 17:38:14,755 [Worker-26: Building] INFO  o.a.m.s.f.DefaultMavenResourcesFiltering - Copying 0 resource from src\main\resources to target\classes
2023-05-03 17:38:14,763 [Worker-26: Building] INFO  o.a.m.s.f.DefaultMavenResourcesFiltering - skip non existing resourceDirectory C:\Users\Acer\Desktop\SpringSecurityandjwttoken\SpringSecurityApp1\src\test\resources
2023-05-03 17:43:25,596 [Worker-28: Building] INFO  o.a.m.s.f.DefaultMavenResourcesFiltering - Copying 1 resource from src\main\resources to target\classes
2023-05-03 17:43:25,616 [Worker-28: Building] INFO  o.a.m.s.f.DefaultMavenResourcesFiltering - Copying 0 resource from src\main\resources to target\classes
2023-05-03 17:43:25,623 [Worker-28: Building] INFO  o.a.m.s.f.DefaultMavenResourcesFiltering - skip non existing resourceDirectory C:\Users\Acer\Desktop\SpringSecurityandjwttoken\SpringSecurityApp1\src\test\resources
2023-05-03 17:43:37,466 [Worker-28: Building] INFO  o.a.m.s.f.DefaultMavenResourcesFiltering - Copying 1 resource from src\main\resources to target\classes
2023-05-03 17:43:37,483 [Worker-28: Building] INFO  o.a.m.s.f.DefaultMavenResourcesFiltering - Copying 0 resource from src\main\resources to target\classes
2023-05-03 17:43:37,491 [Worker-28: Building] INFO  o.a.m.s.f.DefaultMavenResourcesFiltering - skip non existing resourceDirectory C:\Users\Acer\Desktop\SpringSecurityandjwttoken\SpringSecurityApp1\src\test\resources
2023-05-03 17:43:44,116 [Worker-25: Building] INFO  o.a.m.s.f.DefaultMavenResourcesFiltering - Copying 1 resource from src\main\resources to target\classes
2023-05-03 17:43:44,133 [Worker-25: Building] INFO  o.a.m.s.f.DefaultMavenResourcesFiltering - Copying 0 resource from src\main\resources to target\classes
2023-05-03 17:43:44,161 [Worker-25: Building] INFO  o.a.m.s.f.DefaultMavenResourcesFiltering - skip non existing resourceDirectory C:\Users\Acer\Desktop\SpringSecurityandjwttoken\SpringSecurityApp1\src\test\resources
2023-05-03 17:48:17,323 [Worker-33: Building] INFO  o.a.m.s.f.DefaultMavenResourcesFiltering - Copying 1 resource from src\main\resources to target\classes
2023-05-03 17:48:17,364 [Worker-33: Building] INFO  o.a.m.s.f.DefaultMavenResourcesFiltering - Copying 0 resource from src\main\resources to target\classes
2023-05-03 17:48:17,373 [Worker-33: Building] INFO  o.a.m.s.f.DefaultMavenResourcesFiltering - skip non existing resourceDirectory C:\Users\Acer\Desktop\SpringSecurityandjwttoken\SpringSecurityApp1\src\test\resources
2023-05-03 17:55:32,232 [Worker-35: Building] INFO  o.a.m.s.f.DefaultMavenResourcesFiltering - Copying 1 resource from src\main\resources to target\classes
2023-05-03 17:55:32,254 [Worker-35: Building] INFO  o.a.m.s.f.DefaultMavenResourcesFiltering - Copying 0 resource from src\main\resources to target\classes
2023-05-03 17:55:32,262 [Worker-35: Building] INFO  o.a.m.s.f.DefaultMavenResourcesFiltering - skip non existing resourceDirectory C:\Users\Acer\Desktop\SpringSecurityandjwttoken\SpringSecurityApp1\src\test\resources
2023-05-03 18:00:11,858 [Worker-47: Building] INFO  o.a.m.s.f.DefaultMavenResourcesFiltering - Copying 1 resource from src\main\resources to target\classes
2023-05-03 18:00:11,896 [Worker-47: Building] INFO  o.a.m.s.f.DefaultMavenResourcesFiltering - Copying 0 resource from src\main\resources to target\classes
2023-05-03 18:00:11,903 [Worker-47: Building] INFO  o.a.m.s.f.DefaultMavenResourcesFiltering - skip non existing resourceDirectory C:\Users\Acer\Desktop\SpringSecurityandjwttoken\SpringSecurityApp1\src\test\resources
2023-05-03 18:00:33,531 [Worker-35: Building] INFO  o.a.m.s.f.DefaultMavenResourcesFiltering - Copying 1 resource from src\main\resources to target\classes
2023-05-03 18:00:33,555 [Worker-35: Building] INFO  o.a.m.s.f.DefaultMavenResourcesFiltering - Copying 0 resource from src\main\resources to target\classes
2023-05-03 18:00:33,571 [Worker-35: Building] INFO  o.a.m.s.f.DefaultMavenResourcesFiltering - skip non existing resourceDirectory C:\Users\Acer\Desktop\SpringSecurityandjwttoken\SpringSecurityApp1\src\test\resources
2023-05-03 18:01:06,959 [Worker-50: Building] INFO  o.a.m.s.f.DefaultMavenResourcesFiltering - Copying 1 resource from src\main\resources to target\classes
2023-05-03 18:01:06,993 [Worker-50: Building] INFO  o.a.m.s.f.DefaultMavenResourcesFiltering - Copying 0 resource from src\main\resources to target\classes
2023-05-03 18:01:07,006 [Worker-50: Building] INFO  o.a.m.s.f.DefaultMavenResourcesFiltering - skip non existing resourceDirectory C:\Users\Acer\Desktop\SpringSecurityandjwttoken\SpringSecurityApp1\src\test\resources
2023-05-03 18:01:44,511 [Worker-49: Building] INFO  o.a.m.s.f.DefaultMavenResourcesFiltering - Copying 1 resource from src\main\resources to target\classes
2023-05-03 18:01:44,532 [Worker-49: Building] INFO  o.a.m.s.f.DefaultMavenResourcesFiltering - Copying 0 resource from src\main\resources to target\classes
2023-05-03 18:01:44,540 [Worker-49: Building] INFO  o.a.m.s.f.DefaultMavenResourcesFiltering - skip non existing resourceDirectory C:\Users\Acer\Desktop\SpringSecurityandjwttoken\SpringSecurityApp1\src\test\resources
2023-05-03 18:02:29,736 [Worker-48: Building] INFO  o.a.m.s.f.DefaultMavenResourcesFiltering - Copying 1 resource from src\main\resources to target\classes
2023-05-03 18:02:29,759 [Worker-48: Building] INFO  o.a.m.s.f.DefaultMavenResourcesFiltering - Copying 0 resource from src\main\resources to target\classes
2023-05-03 18:02:29,767 [Worker-48: Building] INFO  o.a.m.s.f.DefaultMavenResourcesFiltering - skip non existing resourceDirectory C:\Users\Acer\Desktop\SpringSecurityandjwttoken\SpringSecurityApp1\src\test\resources
2023-05-04 00:43:30,447 [Worker-64: Building] INFO  o.a.m.s.f.DefaultMavenResourcesFiltering - Copying 1 resource from src\main\resources to target\classes
2023-05-04 00:43:30,674 [Worker-64: Building] INFO  o.a.m.s.f.DefaultMavenResourcesFiltering - Copying 0 resource from src\main\resources to target\classes
2023-05-04 00:43:30,686 [Worker-64: Building] INFO  o.a.m.s.f.DefaultMavenResourcesFiltering - skip non existing resourceDirectory C:\Users\Acer\Desktop\SpringSecurityandjwttoken\SpringSecurityApp1\src\test\resources
2023-05-04 00:56:37,304 [Worker-71: Building] INFO  o.e.m.c.i.l.LifecycleMappingFactory - Using org.eclipse.m2e.jdt.JarLifecycleMapping lifecycle mapping for MavenProject: com.masai:SpringSecurityApp1:0.0.1-SNAPSHOT @ C:\Users\Acer\Desktop\SpringSecurityandjwttoken\SpringSecurityApp2\pom.xml.
2023-05-04 00:56:40,448 [Worker-71: Building] INFO  o.a.m.s.f.DefaultMavenResourcesFiltering - Copying 1 resource from src\main\resources to target\classes
2023-05-04 00:56:40,455 [Worker-71: Building] INFO  o.a.m.s.f.DefaultMavenResourcesFiltering - Copying 0 resource from src\main\resources to target\classes
2023-05-04 00:56:40,463 [Worker-71: Building] INFO  o.a.m.s.f.DefaultMavenResourcesFiltering - skip non existing resourceDirectory C:\Users\Acer\Desktop\SpringSecurityandjwttoken\SpringSecurityApp2\src\test\resources
2023-05-04 00:56:42,312 [Worker-68: Building] INFO  o.a.m.s.f.DefaultMavenResourcesFiltering - Copying 1 resource from src\main\resources to target\classes
2023-05-04 00:56:42,344 [Worker-68: Building] INFO  o.a.m.s.f.DefaultMavenResourcesFiltering - Copying 0 resource from src\main\resources to target\classes
2023-05-04 00:56:42,357 [Worker-68: Building] INFO  o.a.m.s.f.DefaultMavenResourcesFiltering - skip non existing resourceDirectory C:\Users\Acer\Desktop\SpringSecurityandjwttoken\SpringSecurityApp2\src\test\resources
2023-05-04 00:57:03,777 [Worker-68: Building] INFO  o.a.m.s.f.DefaultMavenResourcesFiltering - Copying 1 resource from src\main\resources to target\classes
2023-05-04 00:57:03,815 [Worker-68: Building] INFO  o.a.m.s.f.DefaultMavenResourcesFiltering - Copying 0 resource from src\main\resources to target\classes
2023-05-04 00:57:03,822 [Worker-68: Building] INFO  o.a.m.s.f.DefaultMavenResourcesFiltering - skip non existing resourceDirectory C:\Users\Acer\Desktop\SpringSecurityandjwttoken\SpringSecurityApp2\src\test\resources
2023-05-04 00:57:18,075 [Worker-69: Building] INFO  o.e.m.c.i.l.LifecycleMappingFactory - Using org.eclipse.m2e.jdt.JarLifecycleMapping lifecycle mapping for MavenProject: com.masai:SpringSecurityApp1:0.0.1-SNAPSHOT @ C:\Users\Acer\Desktop\SpringSecurityandjwttoken\SpringSecurityApp2\pom.xml.
2023-05-04 00:57:19,136 [Worker-69: Building] INFO  o.a.m.s.f.DefaultMavenResourcesFiltering - Copying 0 resource from src\main\resources to target\classes
2023-05-04 00:57:19,137 [Worker-69: Building] INFO  o.a.m.s.f.DefaultMavenResourcesFiltering - Copying 0 resource from src\main\resources to target\classes
2023-05-04 00:57:19,147 [Worker-69: Building] INFO  o.a.m.s.f.DefaultMavenResourcesFiltering - skip non existing resourceDirectory C:\Users\Acer\Desktop\SpringSecurityandjwttoken\SpringSecurityApp2\src\test\resources
2023-05-04 01:11:53,989 [Worker-75: Import Getting Started Content] INFO  o.e.m.c.i.l.LifecycleMappingFactory - Using org.eclipse.m2e.jdt.JarLifecycleMapping lifecycle mapping for MavenProject: com.masai:SpringSecurityApp3:0.0.1-SNAPSHOT @ C:\Users\Acer\Desktop\SpringSecurityandjwttoken\SpringSecurityApp3\pom.xml.
2023-05-04 01:11:58,865 [Worker-75: Import Getting Started Content] INFO  o.e.m.j.i.AbstractJavaProjectConfigurator - Adding source folder /SpringSecurityApp3/src/main/java
2023-05-04 01:11:58,866 [Worker-75: Import Getting Started Content] INFO  o.e.m.j.i.AbstractJavaProjectConfigurator - Adding resource folder /SpringSecurityApp3/src/main/resources
2023-05-04 01:11:58,886 [Worker-75: Import Getting Started Content] INFO  o.e.m.j.i.AbstractJavaProjectConfigurator - Adding resource folder /SpringSecurityApp3/src/main/resources
2023-05-04 01:11:58,913 [Worker-75: Import Getting Started Content] INFO  o.e.m.j.i.AbstractJavaProjectConfigurator - Adding source folder /SpringSecurityApp3/src/test/java
2023-05-04 01:12:03,135 [Worker-75: Import Getting Started Content] INFO  o.e.m.c.i.p.ProjectConfigurationManager - Imported and configured 1 project(s) in 9 sec
2023-05-04 01:12:03,165 [Worker-75: Import Getting Started Content] INFO  o.e.m.c.i.p.ProjectConfigurationManager - Update started
2023-05-04 01:12:04,209 [Worker-75: Import Getting Started Content] INFO  o.e.m.c.i.l.LifecycleMappingFactory - Using org.eclipse.m2e.jdt.JarLifecycleMapping lifecycle mapping for MavenProject: com.masai:SpringSecurityApp3:0.0.1-SNAPSHOT @ C:\Users\Acer\Desktop\SpringSecurityandjwttoken\SpringSecurityApp3\pom.xml.
2023-05-04 01:12:06,321 [Worker-75: Import Getting Started Content] INFO  o.e.m.j.i.AbstractJavaProjectConfigurator - Adding source folder /SpringSecurityApp3/src/main/java
2023-05-04 01:12:06,322 [Worker-75: Import Getting Started Content] INFO  o.e.m.j.i.AbstractJavaProjectConfigurator - Adding resource folder /SpringSecurityApp3/src/main/resources
2023-05-04 01:12:06,352 [Worker-75: Import Getting Started Content] INFO  o.e.m.j.i.AbstractJavaProjectConfigurator - Adding resource folder /SpringSecurityApp3/src/main/resources
2023-05-04 01:12:06,354 [Worker-75: Import Getting Started Content] INFO  o.e.m.j.i.AbstractJavaProjectConfigurator - Adding source folder /SpringSecurityApp3/src/test/java
2023-05-04 01:12:07,799 [Worker-75: Import Getting Started Content] INFO  o.e.m.c.i.p.ProjectConfigurationManager - Update completed: 4 sec
2023-05-04 01:12:09,847 [Worker-75: Building] INFO  o.a.m.s.f.DefaultMavenResourcesFiltering - Copying 1 resource from src\main\resources to target\classes
2023-05-04 01:12:09,852 [Worker-75: Building] INFO  o.a.m.s.f.DefaultMavenResourcesFiltering - Copying 0 resource from src\main\resources to target\classes
2023-05-04 01:12:09,860 [Worker-75: Building] INFO  o.a.m.s.f.DefaultMavenResourcesFiltering - skip non existing resourceDirectory C:\Users\Acer\Desktop\SpringSecurityandjwttoken\SpringSecurityApp3\src\test\resources
2023-05-04 01:13:21,425 [Worker-74: Building] INFO  o.a.m.s.f.DefaultMavenResourcesFiltering - Copying 1 resource from src\main\resources to target\classes
2023-05-04 01:13:21,462 [Worker-74: Building] INFO  o.a.m.s.f.DefaultMavenResourcesFiltering - Copying 0 resource from src\main\resources to target\classes
2023-05-04 01:13:21,470 [Worker-74: Building] INFO  o.a.m.s.f.DefaultMavenResourcesFiltering - skip non existing resourceDirectory C:\Users\Acer\Desktop\SpringSecurityandjwttoken\SpringSecurityApp3\src\test\resources
2023-05-04 01:17:18,141 [Worker-72: Building] INFO  o.a.m.s.f.DefaultMavenResourcesFiltering - Copying 1 resource from src\main\resources to target\classes
2023-05-04 01:17:18,328 [Worker-72: Building] INFO  o.a.m.s.f.DefaultMavenResourcesFiltering - Copying 0 resource from src\main\resources to target\classes
2023-05-04 01:17:18,341 [Worker-72: Building] INFO  o.a.m.s.f.DefaultMavenResourcesFiltering - skip non existing resourceDirectory C:\Users\Acer\Desktop\SpringSecurityandjwttoken\SpringSecurityApp3\src\test\resources
2023-05-04 01:17:33,749 [Worker-82: Building] INFO  o.a.m.s.f.DefaultMavenResourcesFiltering - Copying 1 resource from src\main\resources to target\classes
2023-05-04 01:17:33,798 [Worker-82: Building] INFO  o.a.m.s.f.DefaultMavenResourcesFiltering - Copying 0 resource from src\main\resources to target\classes
2023-05-04 01:17:33,806 [Worker-82: Building] INFO  o.a.m.s.f.DefaultMavenResourcesFiltering - skip non existing resourceDirectory C:\Users\Acer\Desktop\SpringSecurityandjwttoken\SpringSecurityApp3\src\test\resources
2023-05-04 01:20:32,377 [Worker-76: Building] INFO  o.a.m.s.f.DefaultMavenResourcesFiltering - Copying 1 resource from src\main\resources to target\classes
2023-05-04 01:20:32,399 [Worker-76: Building] INFO  o.a.m.s.f.DefaultMavenResourcesFiltering - Copying 0 resource from src\main\resources to target\classes
2023-05-04 01:20:32,407 [Worker-76: Building] INFO  o.a.m.s.f.DefaultMavenResourcesFiltering - skip non existing resourceDirectory C:\Users\Acer\Desktop\SpringSecurityandjwttoken\SpringSecurityApp3\src\test\resources
2023-05-04 01:25:53,010 [Worker-82: Building] INFO  o.a.m.s.f.DefaultMavenResourcesFiltering - Copying 1 resource from src\main\resources to target\classes
2023-05-04 01:25:53,040 [Worker-82: Building] INFO  o.a.m.s.f.DefaultMavenResourcesFiltering - Copying 0 resource from src\main\resources to target\classes
2023-05-04 01:25:53,052 [Worker-82: Building] INFO  o.a.m.s.f.DefaultMavenResourcesFiltering - skip non existing resourceDirectory C:\Users\Acer\Desktop\SpringSecurityandjwttoken\SpringSecurityApp3\src\test\resources
2023-05-04 01:25:58,546 [Worker-85: Building] INFO  o.a.m.s.f.DefaultMavenResourcesFiltering - Copying 1 resource from src\main\resources to target\classes
2023-05-04 01:25:58,563 [Worker-85: Building] INFO  o.a.m.s.f.DefaultMavenResourcesFiltering - Copying 0 resource from src\main\resources to target\classes
2023-05-04 01:25:58,569 [Worker-85: Building] INFO  o.a.m.s.f.DefaultMavenResourcesFiltering - skip non existing resourceDirectory C:\Users\Acer\Desktop\SpringSecurityandjwttoken\SpringSecurityApp3\src\test\resources
2023-05-04 01:26:20,584 [Worker-83: Building] INFO  o.a.m.s.f.DefaultMavenResourcesFiltering - Copying 1 resource from src\main\resources to target\classes
2023-05-04 01:26:20,649 [Worker-83: Building] INFO  o.a.m.s.f.DefaultMavenResourcesFiltering - Copying 0 resource from src\main\resources to target\classes
2023-05-04 01:26:20,656 [Worker-83: Building] INFO  o.a.m.s.f.DefaultMavenResourcesFiltering - skip non existing resourceDirectory C:\Users\Acer\Desktop\SpringSecurityandjwttoken\SpringSecurityApp3\src\test\resources
2023-05-04 01:26:36,830 [Worker-82: Building] INFO  o.a.m.s.f.DefaultMavenResourcesFiltering - Copying 1 resource from src\main\resources to target\classes
2023-05-04 01:26:36,849 [Worker-82: Building] INFO  o.a.m.s.f.DefaultMavenResourcesFiltering - Copying 0 resource from src\main\resources to target\classes
2023-05-04 01:26:36,857 [Worker-82: Building] INFO  o.a.m.s.f.DefaultMavenResourcesFiltering - skip non existing resourceDirectory C:\Users\Acer\Desktop\SpringSecurityandjwttoken\SpringSecurityApp3\src\test\resources
2023-05-04 01:27:15,061 [Worker-85: Building] INFO  o.a.m.s.f.DefaultMavenResourcesFiltering - Copying 1 resource from src\main\resources to target\classes
2023-05-04 01:27:15,083 [Worker-85: Building] INFO  o.a.m.s.f.DefaultMavenResourcesFiltering - Copying 0 resource from src\main\resources to target\classes
2023-05-04 01:27:15,090 [Worker-85: Building] INFO  o.a.m.s.f.DefaultMavenResourcesFiltering - skip non existing resourceDirectory C:\Users\Acer\Desktop\SpringSecurityandjwttoken\SpringSecurityApp3\src\test\resources
2023-05-04 01:27:34,027 [Worker-86: Building] INFO  o.a.m.s.f.DefaultMavenResourcesFiltering - Copying 1 resource from src\main\resources to target\classes
2023-05-04 01:27:34,051 [Worker-86: Building] INFO  o.a.m.s.f.DefaultMavenResourcesFiltering - Copying 0 resource from src\main\resources to target\classes
2023-05-04 01:27:34,065 [Worker-86: Building] INFO  o.a.m.s.f.DefaultMavenResourcesFiltering - skip non existing resourceDirectory C:\Users\Acer\Desktop\SpringSecurityandjwttoken\SpringSecurityApp3\src\test\resources
2023-05-04 01:27:58,074 [Worker-84: Building] INFO  o.a.m.s.f.DefaultMavenResourcesFiltering - Copying 1 resource from src\main\resources to target\classes
2023-05-04 01:27:58,092 [Worker-84: Building] INFO  o.a.m.s.f.DefaultMavenResourcesFiltering - Copying 0 resource from src\main\resources to target\classes
2023-05-04 01:27:58,099 [Worker-84: Building] INFO  o.a.m.s.f.DefaultMavenResourcesFiltering - skip non existing resourceDirectory C:\Users\Acer\Desktop\SpringSecurityandjwttoken\SpringSecurityApp3\src\test\resources
2023-05-04 01:29:05,999 [Worker-82: Building] INFO  o.a.m.s.f.DefaultMavenResourcesFiltering - Copying 1 resource from src\main\resources to target\classes
2023-05-04 01:29:06,016 [Worker-82: Building] INFO  o.a.m.s.f.DefaultMavenResourcesFiltering - Copying 0 resource from src\main\resources to target\classes
2023-05-04 01:29:06,023 [Worker-82: Building] INFO  o.a.m.s.f.DefaultMavenResourcesFiltering - skip non existing resourceDirectory C:\Users\Acer\Desktop\SpringSecurityandjwttoken\SpringSecurityApp3\src\test\resources
2023-05-04 01:29:24,889 [Worker-82: Building] INFO  o.a.m.s.f.DefaultMavenResourcesFiltering - Copying 1 resource from src\main\resources to target\classes
2023-05-04 01:29:24,905 [Worker-82: Building] INFO  o.a.m.s.f.DefaultMavenResourcesFiltering - Copying 0 resource from src\main\resources to target\classes
2023-05-04 01:29:24,911 [Worker-82: Building] INFO  o.a.m.s.f.DefaultMavenResourcesFiltering - skip non existing resourceDirectory C:\Users\Acer\Desktop\SpringSecurityandjwttoken\SpringSecurityApp3\src\test\resources
2023-05-04 01:32:50,103 [Worker-82: Building] INFO  o.a.m.s.f.DefaultMavenResourcesFiltering - Copying 1 resource from src\main\resources to target\classes
2023-05-04 01:32:50,134 [Worker-82: Building] INFO  o.a.m.s.f.DefaultMavenResourcesFiltering - Copying 0 resource from src\main\resources to target\classes
2023-05-04 01:32:50,141 [Worker-82: Building] INFO  o.a.m.s.f.DefaultMavenResourcesFiltering - skip non existing resourceDirectory C:\Users\Acer\Desktop\SpringSecurityandjwttoken\SpringSecurityApp3\src\test\resources
2023-05-04 01:34:40,571 [Worker-88: Building] INFO  o.a.m.s.f.DefaultMavenResourcesFiltering - Copying 1 resource from src\main\resources to target\classes
2023-05-04 01:34:40,589 [Worker-88: Building] INFO  o.a.m.s.f.DefaultMavenResourcesFiltering - Copying 0 resource from src\main\resources to target\classes
2023-05-04 01:34:40,598 [Worker-88: Building] INFO  o.a.m.s.f.DefaultMavenResourcesFiltering - skip non existing resourceDirectory C:\Users\Acer\Desktop\SpringSecurityandjwttoken\SpringSecurityApp3\src\test\resources
2023-05-04 01:35:01,778 [Worker-90: Building] INFO  o.a.m.s.f.DefaultMavenResourcesFiltering - Copying 1 resource from src\main\resources to target\classes
2023-05-04 01:35:01,803 [Worker-90: Building] INFO  o.a.m.s.f.DefaultMavenResourcesFiltering - Copying 0 resource from src\main\resources to target\classes
2023-05-04 01:35:01,810 [Worker-90: Building] INFO  o.a.m.s.f.DefaultMavenResourcesFiltering - skip non existing resourceDirectory C:\Users\Acer\Desktop\SpringSecurityandjwttoken\SpringSecurityApp3\src\test\resources
2023-05-04 01:39:55,284 [Worker-88: Building] INFO  o.a.m.s.f.DefaultMavenResourcesFiltering - Copying 1 resource from src\main\resources to target\classes
2023-05-04 01:39:55,299 [Worker-88: Building] INFO  o.a.m.s.f.DefaultMavenResourcesFiltering - Copying 0 resource from src\main\resources to target\classes
2023-05-04 01:39:55,306 [Worker-88: Building] INFO  o.a.m.s.f.DefaultMavenResourcesFiltering - skip non existing resourceDirectory C:\Users\Acer\Desktop\SpringSecurityandjwttoken\SpringSecurityApp3\src\test\resources
2023-05-04 01:40:18,018 [Worker-90: Building] INFO  o.a.m.s.f.DefaultMavenResourcesFiltering - Copying 1 resource from src\main\resources to target\classes
2023-05-04 01:40:18,034 [Worker-90: Building] INFO  o.a.m.s.f.DefaultMavenResourcesFiltering - Copying 0 resource from src\main\resources to target\classes
2023-05-04 01:40:18,040 [Worker-90: Building] INFO  o.a.m.s.f.DefaultMavenResourcesFiltering - skip non existing resourceDirectory C:\Users\Acer\Desktop\SpringSecurityandjwttoken\SpringSecurityApp3\src\test\resources
2023-05-04 01:40:33,122 [Worker-88: Building] INFO  o.a.m.s.f.DefaultMavenResourcesFiltering - Copying 1 resource from src\main\resources to target\classes
2023-05-04 01:40:33,138 [Worker-88: Building] INFO  o.a.m.s.f.DefaultMavenResourcesFiltering - Copying 0 resource from src\main\resources to target\classes
2023-05-04 01:40:33,144 [Worker-88: Building] INFO  o.a.m.s.f.DefaultMavenResourcesFiltering - skip non existing resourceDirectory C:\Users\Acer\Desktop\SpringSecurityandjwttoken\SpringSecurityApp3\src\test\resources
2023-05-04 01:46:34,852 [Worker-86: Building] INFO  o.a.m.s.f.DefaultMavenResourcesFiltering - Copying 1 resource from src\main\resources to target\classes
2023-05-04 01:46:34,867 [Worker-86: Building] INFO  o.a.m.s.f.DefaultMavenResourcesFiltering - Copying 0 resource from src\main\resources to target\classes
2023-05-04 01:46:34,875 [Worker-86: Building] INFO  o.a.m.s.f.DefaultMavenResourcesFiltering - skip non existing resourceDirectory C:\Users\Acer\Desktop\SpringSecurityandjwttoken\SpringSecurityApp3\src\test\resources
2023-05-04 01:48:25,754 [Worker-86: Building] INFO  o.a.m.s.f.DefaultMavenResourcesFiltering - Copying 1 resource from src\main\resources to target\classes
2023-05-04 01:48:25,771 [Worker-86: Building] INFO  o.a.m.s.f.DefaultMavenResourcesFiltering - Copying 0 resource from src\main\resources to target\classes
2023-05-04 01:48:25,781 [Worker-86: Building] INFO  o.a.m.s.f.DefaultMavenResourcesFiltering - skip non existing resourceDirectory C:\Users\Acer\Desktop\SpringSecurityandjwttoken\SpringSecurityApp3\src\test\resources
2023-05-04 01:48:36,855 [Worker-89: Building] INFO  o.a.m.s.f.DefaultMavenResourcesFiltering - Copying 1 resource from src\main\resources to target\classes
2023-05-04 01:48:36,896 [Worker-89: Building] INFO  o.a.m.s.f.DefaultMavenResourcesFiltering - Copying 0 resource from src\main\resources to target\classes
2023-05-04 01:48:36,902 [Worker-89: Building] INFO  o.a.m.s.f.DefaultMavenResourcesFiltering - skip non existing resourceDirectory C:\Users\Acer\Desktop\SpringSecurityandjwttoken\SpringSecurityApp3\src\test\resources
2023-05-04 01:51:05,246 [Worker-82: Building] INFO  o.a.m.s.f.DefaultMavenResourcesFiltering - Copying 1 resource from src\main\resources to target\classes
2023-05-04 01:51:05,261 [Worker-82: Building] INFO  o.a.m.s.f.DefaultMavenResourcesFiltering - Copying 0 resource from src\main\resources to target\classes
2023-05-04 01:51:05,268 [Worker-82: Building] INFO  o.a.m.s.f.DefaultMavenResourcesFiltering - skip non existing resourceDirectory C:\Users\Acer\Desktop\SpringSecurityandjwttoken\SpringSecurityApp3\src\test\resources
2023-05-04 01:53:42,769 [Worker-86: Building] INFO  o.a.m.s.f.DefaultMavenResourcesFiltering - Copying 1 resource from src\main\resources to target\classes
2023-05-04 01:53:42,785 [Worker-86: Building] INFO  o.a.m.s.f.DefaultMavenResourcesFiltering - Copying 0 resource from src\main\resources to target\classes
2023-05-04 01:53:42,793 [Worker-86: Building] INFO  o.a.m.s.f.DefaultMavenResourcesFiltering - skip non existing resourceDirectory C:\Users\Acer\Desktop\SpringSecurityandjwttoken\SpringSecurityApp3\src\test\resources
2023-05-04 02:02:00,753 [Worker-91: Building] INFO  o.a.m.s.f.DefaultMavenResourcesFiltering - Copying 1 resource from src\main\resources to target\classes
2023-05-04 02:02:00,779 [Worker-91: Building] INFO  o.a.m.s.f.DefaultMavenResourcesFiltering - Copying 0 resource from src\main\resources to target\classes
2023-05-04 02:02:00,786 [Worker-91: Building] INFO  o.a.m.s.f.DefaultMavenResourcesFiltering - skip non existing resourceDirectory C:\Users\Acer\Desktop\SpringSecurityandjwttoken\SpringSecurityApp3\src\test\resources
2023-05-04 02:08:48,501 [Worker-94: Building] INFO  o.a.m.s.f.DefaultMavenResourcesFiltering - Copying 1 resource from src\main\resources to target\classes
2023-05-04 02:08:48,520 [Worker-94: Building] INFO  o.a.m.s.f.DefaultMavenResourcesFiltering - Copying 0 resource from src\main\resources to target\classes
2023-05-04 02:08:48,527 [Worker-94: Building] INFO  o.a.m.s.f.DefaultMavenResourcesFiltering - skip non existing resourceDirectory C:\Users\Acer\Desktop\SpringSecurityandjwttoken\SpringSecurityApp3\src\test\resources
2023-05-04 02:10:37,199 [Worker-94: Building] INFO  o.a.m.s.f.DefaultMavenResourcesFiltering - Copying 1 resource from src\main\resources to target\classes
2023-05-04 02:10:37,219 [Worker-94: Building] INFO  o.a.m.s.f.DefaultMavenResourcesFiltering - Copying 0 resource from src\main\resources to target\classes
2023-05-04 02:10:37,228 [Worker-94: Building] INFO  o.a.m.s.f.DefaultMavenResourcesFiltering - skip non existing resourceDirectory C:\Users\Acer\Desktop\SpringSecurityandjwttoken\SpringSecurityApp3\src\test\resources
2023-05-04 02:20:35,045 [Worker-94: Building] INFO  o.a.m.s.f.DefaultMavenResourcesFiltering - Copying 1 resource from src\main\resources to target\classes
2023-05-04 02:20:35,070 [Worker-94: Building] INFO  o.a.m.s.f.DefaultMavenResourcesFiltering - Copying 0 resource from src\main\resources to target\classes
2023-05-04 02:20:35,078 [Worker-94: Building] INFO  o.a.m.s.f.DefaultMavenResourcesFiltering - skip non existing resourceDirectory C:\Users\Acer\Desktop\SpringSecurityandjwttoken\SpringSecurityApp3\src\test\resources
2023-05-04 02:29:37,473 [Worker-104: Building] INFO  o.a.m.s.f.DefaultMavenResourcesFiltering - Copying 1 resource from src\main\resources to target\classes
2023-05-04 02:29:37,496 [Worker-104: Building] INFO  o.a.m.s.f.DefaultMavenResourcesFiltering - Copying 0 resource from src\main\resources to target\classes
2023-05-04 02:29:37,503 [Worker-104: Building] INFO  o.a.m.s.f.DefaultMavenResourcesFiltering - skip non existing resourceDirectory C:\Users\Acer\Desktop\SpringSecurityandjwttoken\SpringSecurityApp3\src\test\resources
2023-05-04 09:58:48,640 [Worker-0: Loading available Gradle versions] INFO  o.e.b.c.i.u.g.PublishedGradleVersions - Gradle version information cache is out-of-date. Trying to update.
2023-05-04 10:11:19,622 [Worker-13: Building] INFO  o.a.m.s.f.DefaultMavenResourcesFiltering - Copying 1 resource from src\main\resources to target\classes
2023-05-04 10:11:19,834 [Worker-13: Building] INFO  o.a.m.s.f.DefaultMavenResourcesFiltering - Copying 0 resource from src\main\resources to target\classes
2023-05-04 10:11:19,848 [Worker-13: Building] INFO  o.a.m.s.f.DefaultMavenResourcesFiltering - skip non existing resourceDirectory C:\Users\Acer\Desktop\SpringSecurityandjwttoken\SpringSecurityApp1\src\test\resources
2023-05-04 10:11:23,387 [Worker-13: Building] INFO  o.a.m.s.f.DefaultMavenResourcesFiltering - Copying 1 resource from src\main\resources to target\classes
2023-05-04 10:11:23,444 [Worker-13: Building] INFO  o.a.m.s.f.DefaultMavenResourcesFiltering - Copying 0 resource from src\main\resources to target\classes
2023-05-04 10:11:23,470 [Worker-13: Building] INFO  o.a.m.s.f.DefaultMavenResourcesFiltering - skip non existing resourceDirectory C:\Users\Acer\Desktop\SpringSecurityandjwttoken\SpringSecurityApp3\src\test\resources
2023-05-04 10:22:09,779 [Worker-13: Building] INFO  o.a.m.s.f.DefaultMavenResourcesFiltering - Copying 1 resource from src\main\resources to target\classes
2023-05-04 10:22:09,798 [Worker-13: Building] INFO  o.a.m.s.f.DefaultMavenResourcesFiltering - Copying 0 resource from src\main\resources to target\classes
2023-05-04 10:22:09,807 [Worker-13: Building] INFO  o.a.m.s.f.DefaultMavenResourcesFiltering - skip non existing resourceDirectory C:\Users\Acer\Desktop\SpringSecurityandjwttoken\SpringSecurityApp3\src\test\resources
2023-05-04 10:29:22,470 [Worker-21: Building] INFO  o.a.m.s.f.DefaultMavenResourcesFiltering - Copying 1 resource from src\main\resources to target\classes
2023-05-04 10:29:22,488 [Worker-21: Building] INFO  o.a.m.s.f.DefaultMavenResourcesFiltering - Copying 0 resource from src\main\resources to target\classes
2023-05-04 10:29:22,496 [Worker-21: Building] INFO  o.a.m.s.f.DefaultMavenResourcesFiltering - skip non existing resourceDirectory C:\Users\Acer\Desktop\SpringSecurityandjwttoken\SpringSecurityApp3\src\test\resources
2023-05-04 10:34:48,553 [Worker-26: Building] INFO  o.a.m.s.f.DefaultMavenResourcesFiltering - Copying 1 resource from src\main\resources to target\classes
2023-05-04 10:34:48,569 [Worker-26: Building] INFO  o.a.m.s.f.DefaultMavenResourcesFiltering - Copying 0 resource from src\main\resources to target\classes
2023-05-04 10:34:48,577 [Worker-26: Building] INFO  o.a.m.s.f.DefaultMavenResourcesFiltering - skip non existing resourceDirectory C:\Users\Acer\Desktop\SpringSecurityandjwttoken\SpringSecurityApp3\src\test\resources
2023-05-04 10:38:39,867 [Worker-26: Building] INFO  o.a.m.s.f.DefaultMavenResourcesFiltering - Copying 1 resource from src\main\resources to target\classes
2023-05-04 10:38:39,883 [Worker-26: Building] INFO  o.a.m.s.f.DefaultMavenResourcesFiltering - Copying 0 resource from src\main\resources to target\classes
2023-05-04 10:38:39,892 [Worker-26: Building] INFO  o.a.m.s.f.DefaultMavenResourcesFiltering - skip non existing resourceDirectory C:\Users\Acer\Desktop\SpringSecurityandjwttoken\SpringSecurityApp3\src\test\resources
2023-05-04 10:39:32,375 [Worker-26: Building] INFO  o.a.m.s.f.DefaultMavenResourcesFiltering - Copying 1 resource from src\main\resources to target\classes
2023-05-04 10:39:32,390 [Worker-26: Building] INFO  o.a.m.s.f.DefaultMavenResourcesFiltering - Copying 0 resource from src\main\resources to target\classes
2023-05-04 10:39:32,397 [Worker-26: Building] INFO  o.a.m.s.f.DefaultMavenResourcesFiltering - skip non existing resourceDirectory C:\Users\Acer\Desktop\SpringSecurityandjwttoken\SpringSecurityApp3\src\test\resources
2023-05-04 10:40:17,832 [Worker-28: Building] INFO  o.a.m.s.f.DefaultMavenResourcesFiltering - Copying 1 resource from src\main\resources to target\classes
2023-05-04 10:40:17,879 [Worker-28: Building] INFO  o.a.m.s.f.DefaultMavenResourcesFiltering - Copying 0 resource from src\main\resources to target\classes
2023-05-04 10:40:17,900 [Worker-28: Building] INFO  o.a.m.s.f.DefaultMavenResourcesFiltering - skip non existing resourceDirectory C:\Users\Acer\Desktop\SpringSecurityandjwttoken\SpringSecurityApp3\src\test\resources
2023-05-04 10:45:03,558 [Worker-31: Building] INFO  o.a.m.s.f.DefaultMavenResourcesFiltering - Copying 1 resource from src\main\resources to target\classes
2023-05-04 10:45:03,573 [Worker-31: Building] INFO  o.a.m.s.f.DefaultMavenResourcesFiltering - Copying 0 resource from src\main\resources to target\classes
2023-05-04 10:45:03,580 [Worker-31: Building] INFO  o.a.m.s.f.DefaultMavenResourcesFiltering - skip non existing resourceDirectory C:\Users\Acer\Desktop\SpringSecurityandjwttoken\SpringSecurityApp3\src\test\resources
2023-05-04 10:46:23,938 [Worker-28: Building] INFO  o.a.m.s.f.DefaultMavenResourcesFiltering - Copying 1 resource from src\main\resources to target\classes
2023-05-04 10:46:23,954 [Worker-28: Building] INFO  o.a.m.s.f.DefaultMavenResourcesFiltering - Copying 0 resource from src\main\resources to target\classes
2023-05-04 10:46:23,961 [Worker-28: Building] INFO  o.a.m.s.f.DefaultMavenResourcesFiltering - skip non existing resourceDirectory C:\Users\Acer\Desktop\SpringSecurityandjwttoken\SpringSecurityApp3\src\test\resources
2023-05-04 10:47:58,892 [Worker-30: Building] INFO  o.e.m.c.i.l.LifecycleMappingFactory - Using org.eclipse.m2e.jdt.JarLifecycleMapping lifecycle mapping for MavenProject: com.masai:SpringSecurityApp3:0.0.1-SNAPSHOT @ C:\Users\Acer\Desktop\SpringSecurityandjwttoken\SpringSecurityApp4\pom.xml.
2023-05-04 10:48:00,908 [Worker-30: Building] INFO  o.a.m.s.f.DefaultMavenResourcesFiltering - Copying 1 resource from src\main\resources to target\classes
2023-05-04 10:48:00,915 [Worker-30: Building] INFO  o.a.m.s.f.DefaultMavenResourcesFiltering - Copying 0 resource from src\main\resources to target\classes
2023-05-04 10:48:00,926 [Worker-30: Building] INFO  o.a.m.s.f.DefaultMavenResourcesFiltering - skip non existing resourceDirectory C:\Users\Acer\Desktop\SpringSecurityandjwttoken\SpringSecurityApp4\src\test\resources
2023-05-04 10:48:03,419 [Worker-33: Building] INFO  o.a.m.s.f.DefaultMavenResourcesFiltering - Copying 1 resource from src\main\resources to target\classes
2023-05-04 10:48:03,428 [Worker-33: Building] INFO  o.a.m.s.f.DefaultMavenResourcesFiltering - Copying 0 resource from src\main\resources to target\classes
2023-05-04 10:48:03,439 [Worker-33: Building] INFO  o.a.m.s.f.DefaultMavenResourcesFiltering - skip non existing resourceDirectory C:\Users\Acer\Desktop\SpringSecurityandjwttoken\SpringSecurityApp4\src\test\resources
2023-05-04 10:48:27,225 [Worker-32: Building] INFO  o.a.m.s.f.DefaultMavenResourcesFiltering - Copying 1 resource from src\main\resources to target\classes
2023-05-04 10:48:27,247 [Worker-32: Building] INFO  o.a.m.s.f.DefaultMavenResourcesFiltering - Copying 0 resource from src\main\resources to target\classes
2023-05-04 10:48:27,258 [Worker-32: Building] INFO  o.a.m.s.f.DefaultMavenResourcesFiltering - skip non existing resourceDirectory C:\Users\Acer\Desktop\SpringSecurityandjwttoken\SpringSecurityApp4\src\test\resources
2023-05-04 10:48:53,740 [Worker-30: Building] INFO  o.e.m.c.i.l.LifecycleMappingFactory - Using org.eclipse.m2e.jdt.JarLifecycleMapping lifecycle mapping for MavenProject: com.masai:SpringSecurityApp3:0.0.1-SNAPSHOT @ C:\Users\Acer\Desktop\SpringSecurityandjwttoken\SpringSecurityApp4\pom.xml.
2023-05-04 10:48:55,879 [Worker-30: Building] INFO  o.a.m.s.f.DefaultMavenResourcesFiltering - Copying 0 resource from src\main\resources to target\classes
2023-05-04 10:48:55,881 [Worker-30: Building] INFO  o.a.m.s.f.DefaultMavenResourcesFiltering - Copying 0 resource from src\main\resources to target\classes
2023-05-04 10:48:55,891 [Worker-30: Building] INFO  o.a.m.s.f.DefaultMavenResourcesFiltering - skip non existing resourceDirectory C:\Users\Acer\Desktop\SpringSecurityandjwttoken\SpringSecurityApp4\src\test\resources
2023-05-04 10:49:14,342 [Worker-32: Building] INFO  o.a.m.s.f.DefaultMavenResourcesFiltering - Copying 1 resource from src\main\resources to target\classes
2023-05-04 10:49:14,359 [Worker-32: Building] INFO  o.a.m.s.f.DefaultMavenResourcesFiltering - Copying 0 resource from src\main\resources to target\classes
2023-05-04 10:49:14,369 [Worker-32: Building] INFO  o.a.m.s.f.DefaultMavenResourcesFiltering - skip non existing resourceDirectory C:\Users\Acer\Desktop\SpringSecurityandjwttoken\SpringSecurityApp4\src\test\resources
2023-05-04 10:49:36,797 [Worker-30: Building] INFO  o.a.m.s.f.DefaultMavenResourcesFiltering - Copying 1 resource from src\main\resources to target\classes
2023-05-04 10:49:36,867 [Worker-30: Building] INFO  o.a.m.s.f.DefaultMavenResourcesFiltering - Copying 0 resource from src\main\resources to target\classes
2023-05-04 10:49:36,879 [Worker-30: Building] INFO  o.a.m.s.f.DefaultMavenResourcesFiltering - skip non existing resourceDirectory C:\Users\Acer\Desktop\SpringSecurityandjwttoken\SpringSecurityApp4\src\test\resources
2023-05-04 11:10:06,047 [Worker-40: Building] INFO  o.a.m.s.f.DefaultMavenResourcesFiltering - Copying 1 resource from src\main\resources to target\classes
2023-05-04 11:10:06,064 [Worker-40: Building] INFO  o.a.m.s.f.DefaultMavenResourcesFiltering - Copying 0 resource from src\main\resources to target\classes
2023-05-04 11:10:06,072 [Worker-40: Building] INFO  o.a.m.s.f.DefaultMavenResourcesFiltering - skip non existing resourceDirectory C:\Users\Acer\Desktop\SpringSecurityandjwttoken\SpringSecurityApp4\src\test\resources
2023-05-04 11:16:22,820 [Worker-39: Building] INFO  o.a.m.s.f.DefaultMavenResourcesFiltering - Copying 1 resource from src\main\resources to target\classes
2023-05-04 11:16:22,841 [Worker-39: Building] INFO  o.a.m.s.f.DefaultMavenResourcesFiltering - Copying 0 resource from src\main\resources to target\classes
2023-05-04 11:16:22,850 [Worker-39: Building] INFO  o.a.m.s.f.DefaultMavenResourcesFiltering - skip non existing resourceDirectory C:\Users\Acer\Desktop\SpringSecurityandjwttoken\SpringSecurityApp4\src\test\resources
2023-05-04 11:17:20,145 [Worker-39: Building] INFO  o.e.m.c.i.l.LifecycleMappingFactory - Using org.eclipse.m2e.jdt.JarLifecycleMapping lifecycle mapping for MavenProject: com.masai:SpringSecurityApp3:0.0.1-SNAPSHOT @ C:\Users\Acer\Desktop\SpringSecurityandjwttoken\SpringSecurityApp5\pom.xml.
2023-05-04 11:17:23,227 [Worker-39: Building] INFO  o.a.m.s.f.DefaultMavenResourcesFiltering - Copying 1 resource from src\main\resources to target\classes
2023-05-04 11:17:23,236 [Worker-39: Building] INFO  o.a.m.s.f.DefaultMavenResourcesFiltering - Copying 0 resource from src\main\resources to target\classes
2023-05-04 11:17:23,265 [Worker-39: Building] INFO  o.a.m.s.f.DefaultMavenResourcesFiltering - skip non existing resourceDirectory C:\Users\Acer\Desktop\SpringSecurityandjwttoken\SpringSecurityApp5\src\test\resources
2023-05-04 11:17:25,488 [Worker-43: Building] INFO  o.a.m.s.f.DefaultMavenResourcesFiltering - Copying 1 resource from src\main\resources to target\classes
2023-05-04 11:17:25,503 [Worker-43: Building] INFO  o.a.m.s.f.DefaultMavenResourcesFiltering - Copying 0 resource from src\main\resources to target\classes
2023-05-04 11:17:25,517 [Worker-43: Building] INFO  o.a.m.s.f.DefaultMavenResourcesFiltering - skip non existing resourceDirectory C:\Users\Acer\Desktop\SpringSecurityandjwttoken\SpringSecurityApp5\src\test\resources
2023-05-04 11:17:52,670 [Worker-41: Building] INFO  o.a.m.s.f.DefaultMavenResourcesFiltering - Copying 1 resource from src\main\resources to target\classes
2023-05-04 11:17:52,697 [Worker-41: Building] INFO  o.a.m.s.f.DefaultMavenResourcesFiltering - Copying 0 resource from src\main\resources to target\classes
2023-05-04 11:17:52,709 [Worker-41: Building] INFO  o.a.m.s.f.DefaultMavenResourcesFiltering - skip non existing resourceDirectory C:\Users\Acer\Desktop\SpringSecurityandjwttoken\SpringSecurityApp5\src\test\resources
2023-05-04 11:18:04,967 [Worker-43: Building] INFO  o.e.m.c.i.l.LifecycleMappingFactory - Using org.eclipse.m2e.jdt.JarLifecycleMapping lifecycle mapping for MavenProject: com.masai:SpringSecurityApp3:0.0.1-SNAPSHOT @ C:\Users\Acer\Desktop\SpringSecurityandjwttoken\SpringSecurityApp5\pom.xml.
2023-05-04 11:18:07,492 [Worker-43: Building] INFO  o.a.m.s.f.DefaultMavenResourcesFiltering - Copying 0 resource from src\main\resources to target\classes
2023-05-04 11:18:07,494 [Worker-43: Building] INFO  o.a.m.s.f.DefaultMavenResourcesFiltering - Copying 0 resource from src\main\resources to target\classes
2023-05-04 11:18:07,520 [Worker-43: Building] INFO  o.a.m.s.f.DefaultMavenResourcesFiltering - skip non existing resourceDirectory C:\Users\Acer\Desktop\SpringSecurityandjwttoken\SpringSecurityApp5\src\test\resources
2023-05-04 11:18:12,595 [Worker-37: Building] INFO  o.a.m.s.f.DefaultMavenResourcesFiltering - Copying 1 resource from src\main\resources to target\classes
2023-05-04 11:18:12,624 [Worker-37: Building] INFO  o.a.m.s.f.DefaultMavenResourcesFiltering - Copying 0 resource from src\main\resources to target\classes
2023-05-04 11:18:12,632 [Worker-37: Building] INFO  o.a.m.s.f.DefaultMavenResourcesFiltering - skip non existing resourceDirectory C:\Users\Acer\Desktop\SpringSecurityandjwttoken\SpringSecurityApp5\src\test\resources
2023-05-04 11:18:34,047 [Worker-42: Building] INFO  o.a.m.s.f.DefaultMavenResourcesFiltering - Copying 1 resource from src\main\resources to target\classes
2023-05-04 11:18:34,068 [Worker-42: Building] INFO  o.a.m.s.f.DefaultMavenResourcesFiltering - Copying 0 resource from src\main\resources to target\classes
2023-05-04 11:18:34,083 [Worker-42: Building] INFO  o.a.m.s.f.DefaultMavenResourcesFiltering - skip non existing resourceDirectory C:\Users\Acer\Desktop\SpringSecurityandjwttoken\SpringSecurityApp5\src\test\resources
2023-05-04 11:38:45,682 [Worker-37: Building] INFO  o.a.m.s.f.DefaultMavenResourcesFiltering - Copying 1 resource from src\main\resources to target\classes
2023-05-04 11:38:45,725 [Worker-37: Building] INFO  o.a.m.s.f.DefaultMavenResourcesFiltering - Copying 0 resource from src\main\resources to target\classes
2023-05-04 11:38:45,751 [Worker-37: Building] INFO  o.a.m.s.f.DefaultMavenResourcesFiltering - skip non existing resourceDirectory C:\Users\Acer\Desktop\SpringSecurityandjwttoken\SpringSecurityApp5\src\test\resources
2023-05-04 14:31:32,491 [Worker-1: Loading available Gradle versions] INFO  o.e.b.c.i.u.g.PublishedGradleVersions - Gradle version information cache is up-to-date. Trying to read.
2023-05-05 13:37:58,553 [Worker-1: Loading available Gradle versions] INFO  o.e.b.c.i.u.g.PublishedGradleVersions - Gradle version information cache is out-of-date. Trying to update.
2023-05-05 13:38:01,874 [Worker-1: Loading available Gradle versions] INFO  o.e.b.c.i.u.g.PublishedGradleVersions - Updating Gradle version information cache failed. Using outdated cache.
2023-05-05 13:39:56,163 [Worker-0: Updating Maven Project] INFO  o.e.m.c.i.p.ProjectConfigurationManager - Update started
2023-05-05 13:40:06,711 [Worker-0: Updating Maven Project] INFO  o.e.m.c.i.l.LifecycleMappingFactory - Using org.eclipse.m2e.jdt.JarLifecycleMapping lifecycle mapping for MavenProject: com.masai:SpringSecurityApp1:0.0.1-SNAPSHOT @ C:\Users\Acer\Desktop\SpringSecurityandjwttoken\SpringSecurityApp1\pom.xml.
2023-05-05 13:40:07,517 [Worker-0: Updating Maven Project] INFO  o.e.m.c.i.l.LifecycleMappingFactory - Using org.eclipse.m2e.jdt.JarLifecycleMapping lifecycle mapping for MavenProject: com.masai:SpringSecurityApp3:0.0.1-SNAPSHOT @ C:\Users\Acer\Desktop\SpringSecurityandjwttoken\SpringSecurityApp3\pom.xml.
2023-05-05 13:40:08,100 [Worker-0: Updating Maven Project] INFO  o.e.m.c.i.l.LifecycleMappingFactory - Using org.eclipse.m2e.jdt.JarLifecycleMapping lifecycle mapping for MavenProject: com.masai:SpringSecurityApp3:0.0.1-SNAPSHOT @ C:\Users\Acer\Desktop\SpringSecurityandjwttoken\SpringSecurityApp4\pom.xml.
2023-05-05 13:40:08,380 [Worker-0: Updating Maven Project] INFO  o.e.m.c.i.l.LifecycleMappingFactory - Using org.eclipse.m2e.jdt.JarLifecycleMapping lifecycle mapping for MavenProject: com.masai:SpringSecurityApp3:0.0.1-SNAPSHOT @ C:\Users\Acer\Desktop\SpringSecurityandjwttoken\SpringSecurityApp5\pom.xml.
2023-05-05 13:40:16,056 [Worker-0: Updating Maven Project] INFO  o.e.m.j.i.AbstractJavaProjectConfigurator - Adding source folder /SpringSecurityApp1/src/main/java
2023-05-05 13:40:16,057 [Worker-0: Updating Maven Project] INFO  o.e.m.j.i.AbstractJavaProjectConfigurator - Adding resource folder /SpringSecurityApp1/src/main/resources
2023-05-05 13:40:16,059 [Worker-0: Updating Maven Project] INFO  o.e.m.j.i.AbstractJavaProjectConfigurator - Adding resource folder /SpringSecurityApp1/src/main/resources
2023-05-05 13:40:16,061 [Worker-0: Updating Maven Project] INFO  o.e.m.j.i.AbstractJavaProjectConfigurator - Adding source folder /SpringSecurityApp1/src/test/java
2023-05-05 13:40:17,508 [Worker-0: Updating Maven Project] INFO  o.e.m.j.i.AbstractJavaProjectConfigurator - Adding source folder /SpringSecurityApp3/src/main/java
2023-05-05 13:40:17,510 [Worker-0: Updating Maven Project] INFO  o.e.m.j.i.AbstractJavaProjectConfigurator - Adding resource folder /SpringSecurityApp3/src/main/resources
2023-05-05 13:40:17,511 [Worker-0: Updating Maven Project] INFO  o.e.m.j.i.AbstractJavaProjectConfigurator - Adding resource folder /SpringSecurityApp3/src/main/resources
2023-05-05 13:40:17,514 [Worker-0: Updating Maven Project] INFO  o.e.m.j.i.AbstractJavaProjectConfigurator - Adding source folder /SpringSecurityApp3/src/test/java
2023-05-05 13:40:19,077 [Worker-0: Updating Maven Project] INFO  o.e.m.j.i.AbstractJavaProjectConfigurator - Adding source folder /SpringSecurityApp4/src/main/java
2023-05-05 13:40:19,077 [Worker-0: Updating Maven Project] INFO  o.e.m.j.i.AbstractJavaProjectConfigurator - Adding resource folder /SpringSecurityApp4/src/main/resources
2023-05-05 13:40:19,078 [Worker-0: Updating Maven Project] INFO  o.e.m.j.i.AbstractJavaProjectConfigurator - Adding resource folder /SpringSecurityApp4/src/main/resources
2023-05-05 13:40:19,080 [Worker-0: Updating Maven Project] INFO  o.e.m.j.i.AbstractJavaProjectConfigurator - Adding source folder /SpringSecurityApp4/src/test/java
2023-05-05 13:40:20,857 [Worker-0: Updating Maven Project] INFO  o.e.m.j.i.AbstractJavaProjectConfigurator - Adding source folder /SpringSecurityApp5/src/main/java
2023-05-05 13:40:20,858 [Worker-0: Updating Maven Project] INFO  o.e.m.j.i.AbstractJavaProjectConfigurator - Adding resource folder /SpringSecurityApp5/src/main/resources
2023-05-05 13:40:20,859 [Worker-0: Updating Maven Project] INFO  o.e.m.j.i.AbstractJavaProjectConfigurator - Adding resource folder /SpringSecurityApp5/src/main/resources
2023-05-05 13:40:20,861 [Worker-0: Updating Maven Project] INFO  o.e.m.j.i.AbstractJavaProjectConfigurator - Adding source folder /SpringSecurityApp5/src/test/java
2023-05-05 13:40:34,515 [Worker-0: Updating Maven Project] INFO  o.e.m.c.i.p.ProjectConfigurationManager - Update completed: 38 sec
2023-05-05 13:40:41,438 [Worker-1: Building] INFO  o.a.m.s.f.DefaultMavenResourcesFiltering - Copying 1 resource from src\main\resources to target\classes
2023-05-05 13:40:41,656 [Worker-1: Building] INFO  o.a.m.s.f.DefaultMavenResourcesFiltering - Copying 0 resource from src\main\resources to target\classes
2023-05-05 13:40:41,672 [Worker-1: Building] INFO  o.a.m.s.f.DefaultMavenResourcesFiltering - skip non existing resourceDirectory C:\Users\Acer\Desktop\SpringSecurityandjwttoken\SpringSecurityApp1\src\test\resources
2023-05-05 13:40:47,232 [Worker-1: Building] INFO  o.a.m.s.f.DefaultMavenResourcesFiltering - Copying 1 resource from src\main\resources to target\classes
2023-05-05 13:40:47,283 [Worker-1: Building] INFO  o.a.m.s.f.DefaultMavenResourcesFiltering - Copying 0 resource from src\main\resources to target\classes
2023-05-05 13:40:47,293 [Worker-1: Building] INFO  o.a.m.s.f.DefaultMavenResourcesFiltering - skip non existing resourceDirectory C:\Users\Acer\Desktop\SpringSecurityandjwttoken\SpringSecurityApp3\src\test\resources
2023-05-05 13:40:49,618 [Worker-1: Building] INFO  o.a.m.s.f.DefaultMavenResourcesFiltering - Copying 1 resource from src\main\resources to target\classes
2023-05-05 13:40:49,627 [Worker-1: Building] INFO  o.a.m.s.f.DefaultMavenResourcesFiltering - Copying 0 resource from src\main\resources to target\classes
2023-05-05 13:40:49,637 [Worker-1: Building] INFO  o.a.m.s.f.DefaultMavenResourcesFiltering - skip non existing resourceDirectory C:\Users\Acer\Desktop\SpringSecurityandjwttoken\SpringSecurityApp4\src\test\resources
2023-05-05 13:40:50,961 [Worker-1: Building] INFO  o.a.m.s.f.DefaultMavenResourcesFiltering - Copying 1 resource from src\main\resources to target\classes
2023-05-05 13:40:50,973 [Worker-1: Building] INFO  o.a.m.s.f.DefaultMavenResourcesFiltering - Copying 0 resource from src\main\resources to target\classes
2023-05-05 13:40:50,983 [Worker-1: Building] INFO  o.a.m.s.f.DefaultMavenResourcesFiltering - skip non existing resourceDirectory C:\Users\Acer\Desktop\SpringSecurityandjwttoken\SpringSecurityApp5\src\test\resources
2023-05-05 13:48:56,474 [Worker-11: Building] INFO  o.a.m.s.f.DefaultMavenResourcesFiltering - Copying 1 resource from src\main\resources to target\classes
2023-05-05 13:48:56,499 [Worker-11: Building] INFO  o.a.m.s.f.DefaultMavenResourcesFiltering - Copying 0 resource from src\main\resources to target\classes
2023-05-05 13:48:56,511 [Worker-11: Building] INFO  o.a.m.s.f.DefaultMavenResourcesFiltering - skip non existing resourceDirectory C:\Users\Acer\Desktop\SpringSecurityandjwttoken\SpringSecurityApp5\src\test\resources
2023-05-05 13:58:55,979 [Worker-3: Building] INFO  o.a.m.s.f.DefaultMavenResourcesFiltering - Copying 1 resource from src\main\resources to target\classes
2023-05-05 13:58:56,009 [Worker-3: Building] INFO  o.a.m.s.f.DefaultMavenResourcesFiltering - Copying 0 resource from src\main\resources to target\classes
2023-05-05 13:58:56,029 [Worker-3: Building] INFO  o.a.m.s.f.DefaultMavenResourcesFiltering - skip non existing resourceDirectory C:\Users\Acer\Desktop\SpringSecurityandjwttoken\SpringSecurityApp5\src\test\resources
2023-05-05 14:04:03,561 [Worker-14: Building] INFO  o.a.m.s.f.DefaultMavenResourcesFiltering - Copying 1 resource from src\main\resources to target\classes
2023-05-05 14:04:03,592 [Worker-14: Building] INFO  o.a.m.s.f.DefaultMavenResourcesFiltering - Copying 0 resource from src\main\resources to target\classes
2023-05-05 14:04:03,610 [Worker-14: Building] INFO  o.a.m.s.f.DefaultMavenResourcesFiltering - skip non existing resourceDirectory C:\Users\Acer\Desktop\SpringSecurityandjwttoken\SpringSecurityApp5\src\test\resources
2023-05-05 14:04:11,690 [Worker-16: Building] INFO  o.a.m.s.f.DefaultMavenResourcesFiltering - Copying 1 resource from src\main\resources to target\classes
2023-05-05 14:04:11,716 [Worker-16: Building] INFO  o.a.m.s.f.DefaultMavenResourcesFiltering - Copying 0 resource from src\main\resources to target\classes
2023-05-05 14:04:11,758 [Worker-16: Building] INFO  o.a.m.s.f.DefaultMavenResourcesFiltering - skip non existing resourceDirectory C:\Users\Acer\Desktop\SpringSecurityandjwttoken\SpringSecurityApp5\src\test\resources
2023-05-05 14:04:25,575 [Worker-17: Building] INFO  o.a.m.s.f.DefaultMavenResourcesFiltering - Copying 1 resource from src\main\resources to target\classes
2023-05-05 14:04:25,601 [Worker-17: Building] INFO  o.a.m.s.f.DefaultMavenResourcesFiltering - Copying 0 resource from src\main\resources to target\classes
2023-05-05 14:04:25,623 [Worker-17: Building] INFO  o.a.m.s.f.DefaultMavenResourcesFiltering - skip non existing resourceDirectory C:\Users\Acer\Desktop\SpringSecurityandjwttoken\SpringSecurityApp5\src\test\resources
2023-05-05 14:05:29,491 [Worker-17: Building] INFO  o.a.m.s.f.DefaultMavenResourcesFiltering - Copying 1 resource from src\main\resources to target\classes
2023-05-05 14:05:29,516 [Worker-17: Building] INFO  o.a.m.s.f.DefaultMavenResourcesFiltering - Copying 0 resource from src\main\resources to target\classes
2023-05-05 14:05:29,526 [Worker-17: Building] INFO  o.a.m.s.f.DefaultMavenResourcesFiltering - skip non existing resourceDirectory C:\Users\Acer\Desktop\SpringSecurityandjwttoken\SpringSecurityApp5\src\test\resources
2023-05-05 14:06:18,224 [Worker-12: Building] INFO  o.a.m.s.f.DefaultMavenResourcesFiltering - Copying 1 resource from src\main\resources to target\classes
2023-05-05 14:06:18,277 [Worker-12: Building] INFO  o.a.m.s.f.DefaultMavenResourcesFiltering - Copying 0 resource from src\main\resources to target\classes
2023-05-05 14:06:18,310 [Worker-12: Building] INFO  o.a.m.s.f.DefaultMavenResourcesFiltering - skip non existing resourceDirectory C:\Users\Acer\Desktop\SpringSecurityandjwttoken\SpringSecurityApp5\src\test\resources
2023-05-05 14:06:44,308 [Worker-16: Building] INFO  o.e.m.c.i.l.LifecycleMappingFactory - Using org.eclipse.m2e.jdt.JarLifecycleMapping lifecycle mapping for MavenProject: com.masai:SpringSecurityApp3:0.0.1-SNAPSHOT @ C:\Users\Acer\Desktop\SpringSecurityandjwttoken\SpringSecurityAppJWT\pom.xml.
2023-05-05 14:06:46,952 [Worker-16: Building] INFO  o.a.m.s.f.DefaultMavenResourcesFiltering - Copying 1 resource from src\main\resources to target\classes
2023-05-05 14:06:46,960 [Worker-16: Building] INFO  o.a.m.s.f.DefaultMavenResourcesFiltering - Copying 0 resource from src\main\resources to target\classes
2023-05-05 14:06:46,974 [Worker-16: Building] INFO  o.a.m.s.f.DefaultMavenResourcesFiltering - skip non existing resourceDirectory C:\Users\Acer\Desktop\SpringSecurityandjwttoken\SpringSecurityAppJWT\src\test\resources
2023-05-05 14:06:49,599 [Worker-17: Building] INFO  o.a.m.s.f.DefaultMavenResourcesFiltering - Copying 1 resource from src\main\resources to target\classes
2023-05-05 14:06:49,608 [Worker-17: Building] INFO  o.a.m.s.f.DefaultMavenResourcesFiltering - Copying 0 resource from src\main\resources to target\classes
2023-05-05 14:06:49,641 [Worker-17: Building] INFO  o.a.m.s.f.DefaultMavenResourcesFiltering - skip non existing resourceDirectory C:\Users\Acer\Desktop\SpringSecurityandjwttoken\SpringSecurityAppJWT\src\test\resources
2023-05-05 14:07:15,395 [Worker-18: Building] INFO  o.a.m.s.f.DefaultMavenResourcesFiltering - Copying 1 resource from src\main\resources to target\classes
2023-05-05 14:07:15,445 [Worker-18: Building] INFO  o.a.m.s.f.DefaultMavenResourcesFiltering - Copying 0 resource from src\main\resources to target\classes
2023-05-05 14:07:15,458 [Worker-18: Building] INFO  o.a.m.s.f.DefaultMavenResourcesFiltering - skip non existing resourceDirectory C:\Users\Acer\Desktop\SpringSecurityandjwttoken\SpringSecurityAppJWT\src\test\resources
2023-05-05 14:07:38,570 [Worker-17: Building] INFO  o.a.m.s.f.DefaultMavenResourcesFiltering - Copying 1 resource from src\main\resources to target\classes
2023-05-05 14:07:38,598 [Worker-17: Building] INFO  o.a.m.s.f.DefaultMavenResourcesFiltering - Copying 0 resource from src\main\resources to target\classes
2023-05-05 14:07:38,615 [Worker-17: Building] INFO  o.a.m.s.f.DefaultMavenResourcesFiltering - skip non existing resourceDirectory C:\Users\Acer\Desktop\SpringSecurityandjwttoken\SpringSecurityAppJWT\src\test\resources
2023-05-05 14:07:54,335 [Worker-14: Building] INFO  o.e.m.c.i.l.LifecycleMappingFactory - Using org.eclipse.m2e.jdt.JarLifecycleMapping lifecycle mapping for MavenProject: com.masai:SpringSecurityApp3:0.0.1-SNAPSHOT @ C:\Users\Acer\Desktop\SpringSecurityandjwttoken\SpringSecurityAppJWT\pom.xml.
2023-05-05 14:07:56,506 [Worker-14: Building] INFO  o.a.m.s.f.DefaultMavenResourcesFiltering - Copying 0 resource from src\main\resources to target\classes
2023-05-05 14:07:56,508 [Worker-14: Building] INFO  o.a.m.s.f.DefaultMavenResourcesFiltering - Copying 0 resource from src\main\resources to target\classes
2023-05-05 14:07:56,527 [Worker-14: Building] INFO  o.a.m.s.f.DefaultMavenResourcesFiltering - skip non existing resourceDirectory C:\Users\Acer\Desktop\SpringSecurityandjwttoken\SpringSecurityAppJWT\src\test\resources
2023-05-05 14:43:04,847 [Worker-16: Building] INFO  o.e.m.c.i.l.LifecycleMappingFactory - Using org.eclipse.m2e.jdt.JarLifecycleMapping lifecycle mapping for MavenProject: com.masai:SpringSecurityApp3:0.0.1-SNAPSHOT @ C:\Users\Acer\Desktop\SpringSecurityandjwttoken\SpringSecurityAppJWT\pom.xml.
2023-05-05 14:43:06,030 [Worker-16: Building] INFO  o.e.m.c.i.e.AbstractTransferListenerAdapter - Downloading https://repo.maven.apache.org/maven2/io/jsonwebtoken/jjwt-jackson/0.11.1/jjwt-jackson-0.11.1.pom
2023-05-05 14:43:06,210 [Worker-16: Building] INFO  o.e.m.c.i.e.AbstractTransferListenerAdapter - Downloaded https://repo.maven.apache.org/maven2/io/jsonwebtoken/jjwt-jackson/0.11.1/jjwt-jackson-0.11.1.pom
2023-05-05 14:43:08,677 [Worker-16: Building] INFO  o.e.m.c.i.e.AbstractTransferListenerAdapter - Downloading https://repo.maven.apache.org/maven2/io/jsonwebtoken/jjwt-jackson/0.11.1/jjwt-jackson-0.11.1.jar
2023-05-05 14:43:08,949 [Worker-16: Building] INFO  o.e.m.c.i.e.AbstractTransferListenerAdapter - Downloaded https://repo.maven.apache.org/maven2/io/jsonwebtoken/jjwt-jackson/0.11.1/jjwt-jackson-0.11.1.jar
2023-05-05 14:43:14,923 [Worker-16: Building] INFO  o.a.m.s.f.DefaultMavenResourcesFiltering - Copying 0 resource from src\main\resources to target\classes
2023-05-05 14:43:14,925 [Worker-16: Building] INFO  o.a.m.s.f.DefaultMavenResourcesFiltering - Copying 0 resource from src\main\resources to target\classes
2023-05-05 14:43:14,934 [Worker-16: Building] INFO  o.a.m.s.f.DefaultMavenResourcesFiltering - skip non existing resourceDirectory C:\Users\Acer\Desktop\SpringSecurityandjwttoken\SpringSecurityAppJWT\src\test\resources
2023-05-05 14:43:16,144 [Worker-20: Download sources and javadoc] INFO  o.e.m.c.i.e.AbstractTransferListenerAdapter - Downloading https://repo.maven.apache.org/maven2/io/jsonwebtoken/jjwt-api/0.11.1/jjwt-api-0.11.1-sources.jar
2023-05-05 14:43:16,997 [Worker-20: Download sources and javadoc] INFO  o.e.m.c.i.e.AbstractTransferListenerAdapter - Downloaded https://repo.maven.apache.org/maven2/io/jsonwebtoken/jjwt-api/0.11.1/jjwt-api-0.11.1-sources.jar
2023-05-05 14:43:17,006 [Worker-20: Download sources and javadoc] INFO  o.e.m.j.internal.DownloadSourcesJob - Downloaded sources for io.jsonwebtoken:jjwt-api:0.11.1
2023-05-05 14:43:17,468 [Worker-21: Building] INFO  o.a.m.s.f.DefaultMavenResourcesFiltering - Copying 1 resource from src\main\resources to target\classes
2023-05-05 14:43:17,482 [Worker-21: Building] INFO  o.a.m.s.f.DefaultMavenResourcesFiltering - Copying 0 resource from src\main\resources to target\classes
2023-05-05 14:43:17,494 [Worker-21: Building] INFO  o.a.m.s.f.DefaultMavenResourcesFiltering - skip non existing resourceDirectory C:\Users\Acer\Desktop\SpringSecurityandjwttoken\SpringSecurityAppJWT\src\test\resources
2023-05-05 14:43:24,446 [Worker-20: Download sources and javadoc] INFO  o.e.m.c.i.e.AbstractTransferListenerAdapter - Downloading https://repo.maven.apache.org/maven2/io/jsonwebtoken/jjwt-impl/0.11.1/jjwt-impl-0.11.1-sources.jar
2023-05-05 14:43:30,205 [Worker-20: Download sources and javadoc] INFO  o.e.m.c.i.e.AbstractTransferListenerAdapter - Downloaded https://repo.maven.apache.org/maven2/io/jsonwebtoken/jjwt-impl/0.11.1/jjwt-impl-0.11.1-sources.jar
2023-05-05 14:43:30,217 [Worker-20: Download sources and javadoc] INFO  o.e.m.j.internal.DownloadSourcesJob - Downloaded sources for io.jsonwebtoken:jjwt-impl:0.11.1
2023-05-05 14:43:31,368 [Worker-20: Download sources and javadoc] INFO  o.e.m.c.i.e.AbstractTransferListenerAdapter - Downloading https://repo.maven.apache.org/maven2/io/jsonwebtoken/jjwt-jackson/0.11.1/jjwt-jackson-0.11.1-sources.jar
2023-05-05 14:43:31,662 [Worker-20: Download sources and javadoc] INFO  o.e.m.c.i.e.AbstractTransferListenerAdapter - Downloaded https://repo.maven.apache.org/maven2/io/jsonwebtoken/jjwt-jackson/0.11.1/jjwt-jackson-0.11.1-sources.jar
2023-05-05 14:43:31,671 [Worker-20: Download sources and javadoc] INFO  o.e.m.j.internal.DownloadSourcesJob - Downloaded sources for io.jsonwebtoken:jjwt-jackson:0.11.1
2023-05-05 14:43:32,828 [Worker-22: Building] INFO  o.a.m.s.f.DefaultMavenResourcesFiltering - Copying 0 resource from src\main\resources to target\classes
2023-05-05 14:43:32,830 [Worker-22: Building] INFO  o.a.m.s.f.DefaultMavenResourcesFiltering - Copying 0 resource from src\main\resources to target\classes
2023-05-05 14:43:32,840 [Worker-22: Building] INFO  o.a.m.s.f.DefaultMavenResourcesFiltering - skip non existing resourceDirectory C:\Users\Acer\Desktop\SpringSecurityandjwttoken\SpringSecurityAppJWT\src\test\resources
2023-05-06 00:07:37,915 [Worker-0: Loading available Gradle versions] INFO  o.e.b.c.i.u.g.PublishedGradleVersions - Gradle version information cache is out-of-date. Trying to update.
2023-05-06 00:10:14,096 [Worker-12: Updating Maven Project] INFO  o.e.m.c.i.p.ProjectConfigurationManager - Update started
2023-05-06 00:10:19,176 [Worker-12: Updating Maven Project] INFO  o.e.m.c.i.l.LifecycleMappingFactory - Using org.eclipse.m2e.jdt.JarLifecycleMapping lifecycle mapping for MavenProject: com.masai:SpringSecurityApp3:0.0.1-SNAPSHOT @ C:\Users\Acer\Desktop\SpringSecurityandjwttoken\SpringSecurityApp3\pom.xml.
2023-05-06 00:10:23,657 [Worker-12: Updating Maven Project] INFO  o.e.m.j.i.AbstractJavaProjectConfigurator - Adding source folder /SpringSecurityApp3/src/main/java
2023-05-06 00:10:23,659 [Worker-12: Updating Maven Project] INFO  o.e.m.j.i.AbstractJavaProjectConfigurator - Adding resource folder /SpringSecurityApp3/src/main/resources
2023-05-06 00:10:23,661 [Worker-12: Updating Maven Project] INFO  o.e.m.j.i.AbstractJavaProjectConfigurator - Adding resource folder /SpringSecurityApp3/src/main/resources
2023-05-06 00:10:23,664 [Worker-12: Updating Maven Project] INFO  o.e.m.j.i.AbstractJavaProjectConfigurator - Adding source folder /SpringSecurityApp3/src/test/java
2023-05-06 00:10:25,876 [Worker-12: Updating Maven Project] INFO  o.e.m.c.i.p.ProjectConfigurationManager - Update completed: 11 sec
2023-05-06 00:10:29,323 [Worker-11: Building] INFO  o.a.m.s.f.DefaultMavenResourcesFiltering - Copying 1 resource from src\main\resources to target\classes
2023-05-06 00:10:29,582 [Worker-11: Building] INFO  o.a.m.s.f.DefaultMavenResourcesFiltering - Copying 0 resource from src\main\resources to target\classes
2023-05-06 00:10:29,594 [Worker-11: Building] INFO  o.a.m.s.f.DefaultMavenResourcesFiltering - skip non existing resourceDirectory C:\Users\Acer\Desktop\SpringSecurityandjwttoken\SpringSecurityApp1\src\test\resources
2023-05-06 00:10:35,696 [Worker-11: Building] INFO  o.a.m.s.f.DefaultMavenResourcesFiltering - Copying 1 resource from src\main\resources to target\classes
2023-05-06 00:10:35,726 [Worker-11: Building] INFO  o.a.m.s.f.DefaultMavenResourcesFiltering - Copying 0 resource from src\main\resources to target\classes
2023-05-06 00:10:35,737 [Worker-11: Building] INFO  o.a.m.s.f.DefaultMavenResourcesFiltering - skip non existing resourceDirectory C:\Users\Acer\Desktop\SpringSecurityandjwttoken\SpringSecurityApp3\src\test\resources
2023-05-06 00:10:39,586 [Worker-11: Building] INFO  o.a.m.s.f.DefaultMavenResourcesFiltering - Copying 1 resource from src\main\resources to target\classes
2023-05-06 00:10:39,597 [Worker-11: Building] INFO  o.a.m.s.f.DefaultMavenResourcesFiltering - Copying 0 resource from src\main\resources to target\classes
2023-05-06 00:10:39,609 [Worker-11: Building] INFO  o.a.m.s.f.DefaultMavenResourcesFiltering - skip non existing resourceDirectory C:\Users\Acer\Desktop\SpringSecurityandjwttoken\SpringSecurityApp4\src\test\resources
2023-05-06 00:10:42,855 [Worker-11: Building] INFO  o.a.m.s.f.DefaultMavenResourcesFiltering - Copying 1 resource from src\main\resources to target\classes
2023-05-06 00:10:42,864 [Worker-11: Building] INFO  o.a.m.s.f.DefaultMavenResourcesFiltering - Copying 0 resource from src\main\resources to target\classes
2023-05-06 00:10:42,874 [Worker-11: Building] INFO  o.a.m.s.f.DefaultMavenResourcesFiltering - skip non existing resourceDirectory C:\Users\Acer\Desktop\SpringSecurityandjwttoken\SpringSecurityApp5\src\test\resources
2023-05-06 00:10:46,138 [Worker-11: Building] INFO  o.a.m.s.f.DefaultMavenResourcesFiltering - Copying 1 resource from src\main\resources to target\classes
2023-05-06 00:10:46,147 [Worker-11: Building] INFO  o.a.m.s.f.DefaultMavenResourcesFiltering - Copying 0 resource from src\main\resources to target\classes
2023-05-06 00:10:46,163 [Worker-11: Building] INFO  o.a.m.s.f.DefaultMavenResourcesFiltering - skip non existing resourceDirectory C:\Users\Acer\Desktop\SpringSecurityandjwttoken\SpringSecurityAppJWT\src\test\resources
2023-05-06 21:43:47,137 [Worker-2: Loading available Gradle versions] INFO  o.e.b.c.i.u.g.PublishedGradleVersions - Gradle version information cache is up-to-date. Trying to read.
2023-05-08 12:08:18,680 [Worker-1: Loading available Gradle versions] INFO  o.e.b.c.i.u.g.PublishedGradleVersions - Gradle version information cache is out-of-date. Trying to update.
2023-05-08 12:49:09,473 [Worker-9: Launching SpringSecurityAppJWT - SpringSecurityAppJWT] INFO  o.a.m.s.f.DefaultMavenResourcesFiltering - Copying 1 resource from src\main\resources to target\classes
2023-05-08 12:49:09,667 [Worker-9: Launching SpringSecurityAppJWT - SpringSecurityAppJWT] INFO  o.a.m.s.f.DefaultMavenResourcesFiltering - Copying 0 resource from src\main\resources to target\classes
2023-05-08 12:49:09,679 [Worker-9: Launching SpringSecurityAppJWT - SpringSecurityAppJWT] INFO  o.a.m.s.f.DefaultMavenResourcesFiltering - skip non existing resourceDirectory C:\Users\Acer\Desktop\SpringSecurityandjwttoken\SpringSecurityAppJWT\src\test\resources
2023-05-08 12:49:14,109 [Worker-8: Building] INFO  o.a.m.s.f.DefaultMavenResourcesFiltering - Copying 1 resource from src\main\resources to target\classes
2023-05-08 12:49:14,135 [Worker-8: Building] INFO  o.a.m.s.f.DefaultMavenResourcesFiltering - Copying 0 resource from src\main\resources to target\classes
2023-05-08 12:49:14,147 [Worker-8: Building] INFO  o.a.m.s.f.DefaultMavenResourcesFiltering - skip non existing resourceDirectory C:\Users\Acer\Desktop\SpringSecurityandjwttoken\SpringSecurityApp1\src\test\resources
2023-05-08 12:49:17,150 [Worker-8: Building] INFO  o.a.m.s.f.DefaultMavenResourcesFiltering - Copying 1 resource from src\main\resources to target\classes
2023-05-08 12:49:17,162 [Worker-8: Building] INFO  o.a.m.s.f.DefaultMavenResourcesFiltering - Copying 0 resource from src\main\resources to target\classes
2023-05-08 12:49:17,171 [Worker-8: Building] INFO  o.a.m.s.f.DefaultMavenResourcesFiltering - skip non existing resourceDirectory C:\Users\Acer\Desktop\SpringSecurityandjwttoken\SpringSecurityApp3\src\test\resources
2023-05-08 12:49:20,176 [Worker-8: Building] INFO  o.a.m.s.f.DefaultMavenResourcesFiltering - Copying 1 resource from src\main\resources to target\classes
2023-05-08 12:49:20,184 [Worker-8: Building] INFO  o.a.m.s.f.DefaultMavenResourcesFiltering - Copying 0 resource from src\main\resources to target\classes
2023-05-08 12:49:20,193 [Worker-8: Building] INFO  o.a.m.s.f.DefaultMavenResourcesFiltering - skip non existing resourceDirectory C:\Users\Acer\Desktop\SpringSecurityandjwttoken\SpringSecurityApp4\src\test\resources
2023-05-08 12:49:23,207 [Worker-8: Building] INFO  o.a.m.s.f.DefaultMavenResourcesFiltering - Copying 1 resource from src\main\resources to target\classes
2023-05-08 12:49:23,215 [Worker-8: Building] INFO  o.a.m.s.f.DefaultMavenResourcesFiltering - Copying 0 resource from src\main\resources to target\classes
2023-05-08 12:49:23,225 [Worker-8: Building] INFO  o.a.m.s.f.DefaultMavenResourcesFiltering - skip non existing resourceDirectory C:\Users\Acer\Desktop\SpringSecurityandjwttoken\SpringSecurityApp5\src\test\resources
2023-05-08 12:52:48,727 [Worker-13: Building] INFO  o.a.m.s.f.DefaultMavenResourcesFiltering - Copying 1 resource from src\main\resources to target\classes
2023-05-08 12:52:48,746 [Worker-13: Building] INFO  o.a.m.s.f.DefaultMavenResourcesFiltering - Copying 0 resource from src\main\resources to target\classes
2023-05-08 12:52:48,756 [Worker-13: Building] INFO  o.a.m.s.f.DefaultMavenResourcesFiltering - skip non existing resourceDirectory C:\Users\Acer\Desktop\SpringSecurityandjwttoken\SpringSecurityAppJWT\src\test\resources
2023-05-08 12:57:52,664 [Worker-10: Building] INFO  o.a.m.s.f.DefaultMavenResourcesFiltering - Copying 1 resource from src\main\resources to target\classes
2023-05-08 12:57:52,715 [Worker-10: Building] INFO  o.a.m.s.f.DefaultMavenResourcesFiltering - Copying 0 resource from src\main\resources to target\classes
2023-05-08 12:57:52,729 [Worker-10: Building] INFO  o.a.m.s.f.DefaultMavenResourcesFiltering - skip non existing resourceDirectory C:\Users\Acer\Desktop\SpringSecurityandjwttoken\SpringSecurityAppJWT\src\test\resources
2023-05-08 12:58:22,559 [Worker-16: Building] INFO  o.a.m.s.f.DefaultMavenResourcesFiltering - Copying 1 resource from src\main\resources to target\classes
2023-05-08 12:58:22,659 [Worker-16: Building] INFO  o.a.m.s.f.DefaultMavenResourcesFiltering - Copying 0 resource from src\main\resources to target\classes
2023-05-08 12:58:22,672 [Worker-16: Building] INFO  o.a.m.s.f.DefaultMavenResourcesFiltering - skip non existing resourceDirectory C:\Users\Acer\Desktop\SpringSecurityandjwttoken\SpringSecurityAppJWT\src\test\resources
2023-05-08 12:58:40,771 [Worker-14: Building] INFO  o.a.m.s.f.DefaultMavenResourcesFiltering - Copying 1 resource from src\main\resources to target\classes
2023-05-08 12:58:40,786 [Worker-14: Building] INFO  o.a.m.s.f.DefaultMavenResourcesFiltering - Copying 0 resource from src\main\resources to target\classes
2023-05-08 12:58:40,796 [Worker-14: Building] INFO  o.a.m.s.f.DefaultMavenResourcesFiltering - skip non existing resourceDirectory C:\Users\Acer\Desktop\SpringSecurityandjwttoken\SpringSecurityAppJWT\src\test\resources
2023-05-08 13:15:28,173 [Worker-9: Building] INFO  o.a.m.s.f.DefaultMavenResourcesFiltering - Copying 1 resource from src\main\resources to target\classes
2023-05-08 13:15:28,188 [Worker-9: Building] INFO  o.a.m.s.f.DefaultMavenResourcesFiltering - Copying 0 resource from src\main\resources to target\classes
2023-05-08 13:15:28,197 [Worker-9: Building] INFO  o.a.m.s.f.DefaultMavenResourcesFiltering - skip non existing resourceDirectory C:\Users\Acer\Desktop\SpringSecurityandjwttoken\SpringSecurityAppJWT\src\test\resources
2023-05-08 13:15:45,175 [Worker-14: Building] INFO  o.a.m.s.f.DefaultMavenResourcesFiltering - Copying 1 resource from src\main\resources to target\classes
2023-05-08 13:15:45,192 [Worker-14: Building] INFO  o.a.m.s.f.DefaultMavenResourcesFiltering - Copying 0 resource from src\main\resources to target\classes
2023-05-08 13:15:45,201 [Worker-14: Building] INFO  o.a.m.s.f.DefaultMavenResourcesFiltering - skip non existing resourceDirectory C:\Users\Acer\Desktop\SpringSecurityandjwttoken\SpringSecurityAppJWT\src\test\resources
2023-05-08 13:22:38,390 [Worker-17: Building] INFO  o.a.m.s.f.DefaultMavenResourcesFiltering - Copying 1 resource from src\main\resources to target\classes
2023-05-08 13:22:38,405 [Worker-17: Building] INFO  o.a.m.s.f.DefaultMavenResourcesFiltering - Copying 0 resource from src\main\resources to target\classes
2023-05-08 13:22:38,414 [Worker-17: Building] INFO  o.a.m.s.f.DefaultMavenResourcesFiltering - skip non existing resourceDirectory C:\Users\Acer\Desktop\SpringSecurityandjwttoken\SpringSecurityAppJWT\src\test\resources
2023-05-08 13:24:23,944 [Worker-14: Building] INFO  o.a.m.s.f.DefaultMavenResourcesFiltering - Copying 1 resource from src\main\resources to target\classes
2023-05-08 13:24:23,960 [Worker-14: Building] INFO  o.a.m.s.f.DefaultMavenResourcesFiltering - Copying 0 resource from src\main\resources to target\classes
2023-05-08 13:24:23,969 [Worker-14: Building] INFO  o.a.m.s.f.DefaultMavenResourcesFiltering - skip non existing resourceDirectory C:\Users\Acer\Desktop\SpringSecurityandjwttoken\SpringSecurityAppJWT\src\test\resources
2023-05-08 13:25:47,282 [Worker-18: Building] INFO  o.a.m.s.f.DefaultMavenResourcesFiltering - Copying 1 resource from src\main\resources to target\classes
2023-05-08 13:25:47,297 [Worker-18: Building] INFO  o.a.m.s.f.DefaultMavenResourcesFiltering - Copying 0 resource from src\main\resources to target\classes
2023-05-08 13:25:47,310 [Worker-18: Building] INFO  o.a.m.s.f.DefaultMavenResourcesFiltering - skip non existing resourceDirectory C:\Users\Acer\Desktop\SpringSecurityandjwttoken\SpringSecurityAppJWT\src\test\resources
2023-05-08 13:28:59,493 [Worker-22: Building] INFO  o.a.m.s.f.DefaultMavenResourcesFiltering - Copying 1 resource from src\main\resources to target\classes
2023-05-08 13:28:59,508 [Worker-22: Building] INFO  o.a.m.s.f.DefaultMavenResourcesFiltering - Copying 0 resource from src\main\resources to target\classes
2023-05-08 13:28:59,516 [Worker-22: Building] INFO  o.a.m.s.f.DefaultMavenResourcesFiltering - skip non existing resourceDirectory C:\Users\Acer\Desktop\SpringSecurityandjwttoken\SpringSecurityAppJWT\src\test\resources
2023-05-08 13:33:30,482 [Worker-23: Building] INFO  o.a.m.s.f.DefaultMavenResourcesFiltering - Copying 1 resource from src\main\resources to target\classes
2023-05-08 13:33:30,498 [Worker-23: Building] INFO  o.a.m.s.f.DefaultMavenResourcesFiltering - Copying 0 resource from src\main\resources to target\classes
2023-05-08 13:33:30,513 [Worker-23: Building] INFO  o.a.m.s.f.DefaultMavenResourcesFiltering - skip non existing resourceDirectory C:\Users\Acer\Desktop\SpringSecurityandjwttoken\SpringSecurityAppJWT\src\test\resources
2023-05-08 14:39:33,607 [Worker-31: Building] INFO  o.a.m.s.f.DefaultMavenResourcesFiltering - Copying 1 resource from src\main\resources to target\classes
2023-05-08 14:39:33,658 [Worker-31: Building] INFO  o.a.m.s.f.DefaultMavenResourcesFiltering - Copying 0 resource from src\main\resources to target\classes
2023-05-08 14:39:33,667 [Worker-31: Building] INFO  o.a.m.s.f.DefaultMavenResourcesFiltering - skip non existing resourceDirectory C:\Users\Acer\Desktop\SpringSecurityandjwttoken\SpringSecurityAppJWT\src\test\resources
2023-05-08 14:41:50,005 [Worker-34: Building] INFO  o.a.m.s.f.DefaultMavenResourcesFiltering - Copying 1 resource from src\main\resources to target\classes
2023-05-08 14:41:50,147 [Worker-34: Building] INFO  o.a.m.s.f.DefaultMavenResourcesFiltering - Copying 0 resource from src\main\resources to target\classes
2023-05-08 14:41:50,228 [Worker-34: Building] INFO  o.a.m.s.f.DefaultMavenResourcesFiltering - skip non existing resourceDirectory C:\Users\Acer\Desktop\SpringSecurityandjwttoken\SpringSecurityAppJWT\src\test\resources
2023-05-08 14:47:48,110 [Worker-35: Building] INFO  o.a.m.s.f.DefaultMavenResourcesFiltering - Copying 1 resource from src\main\resources to target\classes
2023-05-08 14:47:48,134 [Worker-35: Building] INFO  o.a.m.s.f.DefaultMavenResourcesFiltering - Copying 0 resource from src\main\resources to target\classes
2023-05-08 14:47:48,150 [Worker-35: Building] INFO  o.a.m.s.f.DefaultMavenResourcesFiltering - skip non existing resourceDirectory C:\Users\Acer\Desktop\SpringSecurityandjwttoken\SpringSecurityAppJWT\src\test\resources
2023-05-08 14:58:38,610 [Worker-39: Building] INFO  o.a.m.s.f.DefaultMavenResourcesFiltering - Copying 1 resource from src\main\resources to target\classes
2023-05-08 14:58:38,632 [Worker-39: Building] INFO  o.a.m.s.f.DefaultMavenResourcesFiltering - Copying 0 resource from src\main\resources to target\classes
2023-05-08 14:58:38,642 [Worker-39: Building] INFO  o.a.m.s.f.DefaultMavenResourcesFiltering - skip non existing resourceDirectory C:\Users\Acer\Desktop\SpringSecurityandjwttoken\SpringSecurityAppJWT\src\test\resources
2023-05-08 15:04:32,489 [Worker-44: Building] INFO  o.a.m.s.f.DefaultMavenResourcesFiltering - Copying 1 resource from src\main\resources to target\classes
2023-05-08 15:04:32,513 [Worker-44: Building] INFO  o.a.m.s.f.DefaultMavenResourcesFiltering - Copying 0 resource from src\main\resources to target\classes
2023-05-08 15:04:32,591 [Worker-44: Building] INFO  o.a.m.s.f.DefaultMavenResourcesFiltering - skip non existing resourceDirectory C:\Users\Acer\Desktop\SpringSecurityandjwttoken\SpringSecurityAppJWT\src\test\resources
2023-05-08 15:09:12,232 [Worker-46: Building] INFO  o.a.m.s.f.DefaultMavenResourcesFiltering - Copying 1 resource from src\main\resources to target\classes
2023-05-08 15:09:12,250 [Worker-46: Building] INFO  o.a.m.s.f.DefaultMavenResourcesFiltering - Copying 0 resource from src\main\resources to target\classes
2023-05-08 15:09:12,261 [Worker-46: Building] INFO  o.a.m.s.f.DefaultMavenResourcesFiltering - skip non existing resourceDirectory C:\Users\Acer\Desktop\SpringSecurityandjwttoken\SpringSecurityAppJWT\src\test\resources
2023-05-08 15:14:06,947 [Worker-47: Building] INFO  o.a.m.s.f.DefaultMavenResourcesFiltering - Copying 1 resource from src\main\resources to target\classes
2023-05-08 15:14:06,971 [Worker-47: Building] INFO  o.a.m.s.f.DefaultMavenResourcesFiltering - Copying 0 resource from src\main\resources to target\classes
2023-05-08 15:14:06,996 [Worker-47: Building] INFO  o.a.m.s.f.DefaultMavenResourcesFiltering - skip non existing resourceDirectory C:\Users\Acer\Desktop\SpringSecurityandjwttoken\SpringSecurityAppJWT\src\test\resources
2023-05-08 15:15:27,034 [Worker-47: Building] INFO  o.a.m.s.f.DefaultMavenResourcesFiltering - Copying 1 resource from src\main\resources to target\classes
2023-05-08 15:15:27,055 [Worker-47: Building] INFO  o.a.m.s.f.DefaultMavenResourcesFiltering - Copying 0 resource from src\main\resources to target\classes
2023-05-08 15:15:27,071 [Worker-47: Building] INFO  o.a.m.s.f.DefaultMavenResourcesFiltering - skip non existing resourceDirectory C:\Users\Acer\Desktop\SpringSecurityandjwttoken\SpringSecurityAppJWT\src\test\resources
2023-05-08 15:32:42,829 [Worker-52: Building] INFO  o.a.m.s.f.DefaultMavenResourcesFiltering - Copying 1 resource from src\main\resources to target\classes
2023-05-08 15:32:42,849 [Worker-52: Building] INFO  o.a.m.s.f.DefaultMavenResourcesFiltering - Copying 0 resource from src\main\resources to target\classes
2023-05-08 15:32:42,858 [Worker-52: Building] INFO  o.a.m.s.f.DefaultMavenResourcesFiltering - skip non existing resourceDirectory C:\Users\Acer\Desktop\SpringSecurityandjwttoken\SpringSecurityAppJWT\src\test\resources
2023-05-08 15:37:10,290 [Worker-48: Building] INFO  o.a.m.s.f.DefaultMavenResourcesFiltering - Copying 1 resource from src\main\resources to target\classes
2023-05-08 15:37:10,332 [Worker-48: Building] INFO  o.a.m.s.f.DefaultMavenResourcesFiltering - Copying 0 resource from src\main\resources to target\classes
2023-05-08 15:37:10,366 [Worker-48: Building] INFO  o.a.m.s.f.DefaultMavenResourcesFiltering - skip non existing resourceDirectory C:\Users\Acer\Desktop\SpringSecurityandjwttoken\SpringSecurityAppJWT\src\test\resources
2023-05-08 15:38:02,517 [Worker-52: Building] INFO  o.a.m.s.f.DefaultMavenResourcesFiltering - Copying 1 resource from src\main\resources to target\classes
2023-05-08 15:38:02,540 [Worker-52: Building] INFO  o.a.m.s.f.DefaultMavenResourcesFiltering - Copying 0 resource from src\main\resources to target\classes
2023-05-08 15:38:02,552 [Worker-52: Building] INFO  o.a.m.s.f.DefaultMavenResourcesFiltering - skip non existing resourceDirectory C:\Users\Acer\Desktop\SpringSecurityandjwttoken\SpringSecurityAppJWT\src\test\resources
2023-05-08 15:51:04,277 [Worker-48: Building] INFO  o.a.m.s.f.DefaultMavenResourcesFiltering - Copying 1 resource from src\main\resources to target\classes
2023-05-08 15:51:04,309 [Worker-48: Building] INFO  o.a.m.s.f.DefaultMavenResourcesFiltering - Copying 0 resource from src\main\resources to target\classes
2023-05-08 15:51:04,318 [Worker-48: Building] INFO  o.a.m.s.f.DefaultMavenResourcesFiltering - skip non existing resourceDirectory C:\Users\Acer\Desktop\SpringSecurityandjwttoken\SpringSecurityAppJWT\src\test\resources
